# JRE version: OpenJDK Runtime Environment (25.0.1+8) (build 25.0.1+8-27)
# Java VM: OpenJDK 64-Bit Server VM (25.0.1+8-27, mixed mode, sharing, tiered, compressed oops, compressed class ptrs, g1 gc, windows-amd64)
GC Precious Log:
 CardTable entry size: 512
 Card Set container configuration: InlinePtr #cards 5 size 8 Array Of Cards #cards 10 size 36 Howl #buckets 4 coarsen threshold 1843 Howl Bitmap #cards 512 size 80 coarsen threshold 460 Card regions per heap region 1 cards per card region 2048
 CPUs: 12 total, 12 available
 Memory: 5996M
 Large Page Support: Disabled
 NUMA Support: Disabled
 Compressed Oops: Enabled (32-bit)
 Heap Region Size: 1M
 Heap Min Capacity: 8M
 Heap Initial Capacity: 94M
 Heap Max Capacity: 1500M
 Pre-touch: Disabled
 Parallel Workers: 10
 Concurrent Workers: 3
 Concurrent Refinement Workers: 10
 Periodic GC: Disabled
Heap:
 garbage-first heap   total reserved 1536000K, committed 205824K, used 133049K [0x00000000a2400000, 0x0000000100000000)
  region size 1024K, 6 young (6144K), 6 survivors (6144K)
GC Heap Usage History (20 events):
Event: 8.829 {heap After GC invocations=28 (full 0):
 garbage-first heap   total reserved 1536000K, committed 116736K, used 77750K [0x00000000a2400000, 0x0000000100000000)
  region size 1024K, 4 young (4096K), 4 survivors (4096K)
}
Event: 8.905 {heap Before GC invocations=28 (full 0):
 garbage-first heap   total reserved 1536000K, committed 116736K, used 101302K [0x00000000a2400000, 0x0000000100000000)
  region size 1024K, 27 young (27648K), 4 survivors (4096K)
}
Event: 8.915 {heap After GC invocations=29 (full 0):
 garbage-first heap   total reserved 1536000K, committed 116736K, used 78848K [0x00000000a2400000, 0x0000000100000000)
  region size 1024K, 4 young (4096K), 4 survivors (4096K)
}
Event: 8.985 {heap Before GC invocations=29 (full 0):
 garbage-first heap   total reserved 1536000K, committed 116736K, used 99328K [0x00000000a2400000, 0x0000000100000000)
  region size 1024K, 24 young (24576K), 4 survivors (4096K)
}
Event: 8.990 {heap After GC invocations=30 (full 0):
 garbage-first heap   total reserved 1536000K, committed 205824K, used 82536K [0x00000000a2400000, 0x0000000100000000)
  region size 1024K, 3 young (3072K), 3 survivors (3072K)
}
Event: 9.265 {heap Before GC invocations=31 (full 0):
 garbage-first heap   total reserved 1536000K, committed 205824K, used 152168K [0x00000000a2400000, 0x0000000100000000)
  region size 1024K, 76 young (77824K), 3 survivors (3072K)
}
Event: 9.267 {heap After GC invocations=32 (full 0):
 garbage-first heap   total reserved 1536000K, committed 205824K, used 76607K [0x00000000a2400000, 0x0000000100000000)
  region size 1024K, 2 young (2048K), 2 survivors (2048K)
}
Event: 9.476 {heap Before GC invocations=32 (full 0):
 garbage-first heap   total reserved 1536000K, committed 205824K, used 180031K [0x00000000a2400000, 0x0000000100000000)
  region size 1024K, 103 young (105472K), 2 survivors (2048K)
}
Event: 9.490 {heap After GC invocations=33 (full 0):
 garbage-first heap   total reserved 1536000K, committed 205824K, used 79872K [0x00000000a2400000, 0x0000000100000000)
  region size 1024K, 13 young (13312K), 13 survivors (13312K)
}
Event: 9.503 {heap Before GC invocations=33 (full 0):
 garbage-first heap   total reserved 1536000K, committed 205824K, used 89088K [0x00000000a2400000, 0x0000000100000000)
  region size 1024K, 23 young (23552K), 13 survivors (13312K)
}
Event: 9.516 {heap After GC invocations=34 (full 0):
 garbage-first heap   total reserved 1536000K, committed 205824K, used 85765K [0x00000000a2400000, 0x0000000100000000)
  region size 1024K, 5 young (5120K), 5 survivors (5120K)
}
Event: 9.636 {heap Before GC invocations=35 (full 0):
 garbage-first heap   total reserved 1536000K, committed 205824K, used 149253K [0x00000000a2400000, 0x0000000100000000)
  region size 1024K, 74 young (75776K), 5 survivors (5120K)
}
Event: 9.650 {heap After GC invocations=36 (full 0):
 garbage-first heap   total reserved 1536000K, committed 205824K, used 91136K [0x00000000a2400000, 0x0000000100000000)
  region size 1024K, 10 young (10240K), 10 survivors (10240K)
}
Event: 9.732 {heap Before GC invocations=36 (full 0):
 garbage-first heap   total reserved 1536000K, committed 205824K, used 159744K [0x00000000a2400000, 0x0000000100000000)
  region size 1024K, 77 young (78848K), 10 survivors (10240K)
}
Event: 9.759 {heap After GC invocations=37 (full 0):
 garbage-first heap   total reserved 1536000K, committed 205824K, used 109865K [0x00000000a2400000, 0x0000000100000000)
  region size 1024K, 10 young (10240K), 10 survivors (10240K)
}
Event: 9.809 {heap Before GC invocations=37 (full 0):
 garbage-first heap   total reserved 1536000K, committed 205824K, used 163113K [0x00000000a2400000, 0x0000000100000000)
  region size 1024K, 62 young (63488K), 10 survivors (10240K)
}
Event: 9.832 {heap After GC invocations=38 (full 0):
 garbage-first heap   total reserved 1536000K, committed 205824K, used 130911K [0x00000000a2400000, 0x0000000100000000)
  region size 1024K, 8 young (8192K), 8 survivors (8192K)
}
Event: 9.908 {heap Before GC invocations=39 (full 0):
 garbage-first heap   total reserved 1536000K, committed 205824K, used 155487K [0x00000000a2400000, 0x0000000100000000)
  region size 1024K, 47 young (48128K), 8 survivors (8192K)
}
Event: 9.925 {heap After GC invocations=40 (full 0):
 garbage-first heap   total reserved 1536000K, committed 205824K, used 129862K [0x00000000a2400000, 0x0000000100000000)
  region size 1024K, 6 young (6144K), 6 survivors (6144K)
}
Event: 9.982 {heap Before GC invocations=40 (full 0):
 garbage-first heap   total reserved 1536000K, committed 205824K, used 171846K [0x00000000a2400000, 0x0000000100000000)
  region size 1024K, 45 young (46080K), 6 survivors (6144K)
}

