# JRE version: OpenJDK Runtime Environment (25.0.1+8) (build 25.0.1+8-27)
# Java VM: OpenJDK 64-Bit Server VM (25.0.1+8-27, mixed mode, sharing, tiered, compressed oops, compressed class ptrs, g1 gc, windows-amd64)
GC Precious Log:
 CardTable entry size: 512
 Card Set container configuration: InlinePtr #cards 5 size 8 Array Of Cards #cards 10 size 36 Howl #buckets 4 coarsen threshold 1843 Howl Bitmap #cards 512 size 80 coarsen threshold 460 Card regions per heap region 1 cards per card region 2048
 CPUs: 12 total, 12 available
 Memory: 5996M
 Large Page Support: Disabled
 NUMA Support: Disabled
 Compressed Oops: Enabled (32-bit)
 Heap Region Size: 1M
 Heap Min Capacity: 8M
 Heap Initial Capacity: 94M
 Heap Max Capacity: 1500M
 Pre-touch: Disabled
 Parallel Workers: 10
 Concurrent Workers: 3
 Concurrent Refinement Workers: 10
 Periodic GC: Disabled
Heap:
 garbage-first heap   total reserved 1536000K, committed 160768K, used 111616K [0x00000000a2400000, 0x0000000100000000)
  region size 1024K, 57 young (58368K), 8 survivors (8192K)
GC Heap Usage History (20 events):
Event: 1791.037 {heap Before GC invocations=65 (full 2):
 garbage-first heap   total reserved 1536000K, committed 156672K, used 92681K [0x00000000a2400000, 0x0000000100000000)
  region size 1024K, 29 young (29696K), 10 survivors (10240K)
}
Event: 1791.051 {heap After GC invocations=66 (full 2):
 garbage-first heap   total reserved 1536000K, committed 156672K, used 78983K [0x00000000a2400000, 0x0000000100000000)
  region size 1024K, 6 young (6144K), 6 survivors (6144K)
}
Event: 1791.248 {heap Before GC invocations=67 (full 2):
 garbage-first heap   total reserved 1536000K, committed 156672K, used 135303K [0x00000000a2400000, 0x0000000100000000)
  region size 1024K, 58 young (59392K), 6 survivors (6144K)
}
Event: 1791.263 {heap After GC invocations=68 (full 2):
 garbage-first heap   total reserved 1536000K, committed 156672K, used 82105K [0x00000000a2400000, 0x0000000100000000)
  region size 1024K, 2 young (2048K), 2 survivors (2048K)
}
Event: 1791.415 {heap Before GC invocations=68 (full 2):
 garbage-first heap   total reserved 1536000K, committed 156672K, used 136377K [0x00000000a2400000, 0x0000000100000000)
  region size 1024K, 54 young (55296K), 2 survivors (2048K)
}
Event: 1791.418 {heap After GC invocations=69 (full 2):
 garbage-first heap   total reserved 1536000K, committed 156672K, used 80784K [0x00000000a2400000, 0x0000000100000000)
  region size 1024K, 2 young (2048K), 2 survivors (2048K)
}
Event: 1791.611 {heap Before GC invocations=69 (full 2):
 garbage-first heap   total reserved 1536000K, committed 156672K, used 137104K [0x00000000a2400000, 0x0000000100000000)
  region size 1024K, 58 young (59392K), 2 survivors (2048K)
}
Event: 1791.614 {heap After GC invocations=70 (full 2):
 garbage-first heap   total reserved 1536000K, committed 238592K, used 78136K [0x00000000a2400000, 0x0000000100000000)
  region size 1024K, 1 young (1024K), 1 survivors (1024K)
}
Event: 1818.445 {heap Before GC invocations=71 (full 2):
 garbage-first heap   total reserved 1536000K, committed 238592K, used 108856K [0x00000000a2400000, 0x0000000100000000)
  region size 1024K, 33 young (33792K), 1 survivors (1024K)
}
Event: 1819.079 {heap After GC invocations=72 (full 3):
 garbage-first heap   total reserved 1536000K, committed 160768K, used 43592K [0x00000000a2400000, 0x0000000100000000)
  region size 1024K, 0 young (0K), 0 survivors (0K)
}
Event: 1822.277 {heap Before GC invocations=72 (full 3):
 garbage-first heap   total reserved 1536000K, committed 160768K, used 136776K [0x00000000a2400000, 0x0000000100000000)
  region size 1024K, 91 young (93184K), 0 survivors (0K)
}
Event: 1822.292 {heap After GC invocations=73 (full 3):
 garbage-first heap   total reserved 1536000K, committed 160768K, used 50588K [0x00000000a2400000, 0x0000000100000000)
  region size 1024K, 7 young (7168K), 7 survivors (7168K)
}
Event: 1822.817 {heap Before GC invocations=74 (full 3):
 garbage-first heap   total reserved 1536000K, committed 160768K, used 139676K [0x00000000a2400000, 0x0000000100000000)
  region size 1024K, 92 young (94208K), 7 survivors (7168K)
}
Event: 1822.832 {heap After GC invocations=75 (full 3):
 garbage-first heap   total reserved 1536000K, committed 160768K, used 59118K [0x00000000a2400000, 0x0000000100000000)
  region size 1024K, 6 young (6144K), 6 survivors (6144K)
}
Event: 1822.952 {heap Before GC invocations=75 (full 3):
 garbage-first heap   total reserved 1536000K, committed 160768K, used 140014K [0x00000000a2400000, 0x0000000100000000)
  region size 1024K, 84 young (86016K), 6 survivors (6144K)
}
Event: 1822.972 {heap After GC invocations=76 (full 3):
 garbage-first heap   total reserved 1536000K, committed 160768K, used 61933K [0x00000000a2400000, 0x0000000100000000)
  region size 1024K, 11 young (11264K), 11 survivors (11264K)
}
Event: 1823.058 {heap Before GC invocations=76 (full 3):
 garbage-first heap   total reserved 1536000K, committed 160768K, used 81389K [0x00000000a2400000, 0x0000000100000000)
  region size 1024K, 31 young (31744K), 11 survivors (11264K)
}
Event: 1823.065 {heap After GC invocations=77 (full 3):
 garbage-first heap   total reserved 1536000K, committed 160768K, used 57616K [0x00000000a2400000, 0x0000000100000000)
  region size 1024K, 2 young (2048K), 2 survivors (2048K)
}
Event: 1823.299 {heap Before GC invocations=78 (full 3):
 garbage-first heap   total reserved 1536000K, committed 160768K, used 143632K [0x00000000a2400000, 0x0000000100000000)
  region size 1024K, 83 young (84992K), 2 survivors (2048K)
}
Event: 1823.305 {heap After GC invocations=79 (full 3):
 garbage-first heap   total reserved 1536000K, committed 160768K, used 63488K [0x00000000a2400000, 0x0000000100000000)
  region size 1024K, 8 young (8192K), 8 survivors (8192K)
}

