# JRE version: OpenJDK Runtime Environment Temurin-21.0.9+10 (21.0.9+10) (build 21.0.9+10-LTS)
# Java VM: OpenJDK 64-Bit Server VM Temurin-21.0.9+10 (21.0.9+10-LTS, mixed mode, sharing, tiered, compressed oops, compressed class ptrs, parallel gc, windows-amd64)
GC Precious Log:
 CardTable entry size: 512
 CPUs: 12 total, 12 available
 Memory: 5996M
 Large Page Support: Disabled
 NUMA Support: Disabled
 Compressed Oops: Enabled (32-bit)
 Alignments: Space 512K, Generation 512K, Heap 2M
 Heap Min Capacity: 100M
 Heap Initial Capacity: 100M
 Heap Max Capacity: 2G
 Pre-touch: Disabled
 Parallel Workers: 10
Heap:
 PSYoungGen      total 8192K, used 6250K [0x00000000d5580000, 0x00000000d5f00000, 0x0000000100000000)
  eden space 7680K, 76% used [0x00000000d5580000,0x00000000d5b42bf8,0x00000000d5d00000)
  from space 512K, 68% used [0x00000000d5d00000,0x00000000d5d58000,0x00000000d5d80000)
  to   space 1024K, 0% used [0x00000000d5e00000,0x00000000d5e00000,0x00000000d5f00000)
 ParOldGen       total 1370624K, used 1370193K [0x0000000080000000, 0x00000000d3a80000, 0x00000000d5580000)
  object space 1370624K, 99% used [0x0000000080000000,0x00000000d3a147a8,0x00000000d3a80000)
 Metaspace       used 92766K, committed 94592K, reserved 1179648K
  class space    used 9327K, committed 10176K, reserved 1048576K
GC Heap History (20 events):
Event: 10383.088 GC heap before
{Heap before GC invocations=1857 (full 6):
 PSYoungGen      total 6144K, used 5694K [0x00000000d5580000, 0x00000000d6380000, 0x0000000100000000)
  eden space 3584K, 87% used [0x00000000d5580000,0x00000000d5893ba8,0x00000000d5900000)
  from space 2560K, 99% used [0x00000000d5900000,0x00000000d5b7c000,0x00000000d5b80000)
  to   space 5120K, 0% used [0x00000000d5e80000,0x00000000d5e80000,0x00000000d6380000)
 ParOldGen       total 1320448K, used 1320317K [0x0000000080000000, 0x00000000d0980000, 0x00000000d5580000)
  object space 1320448K, 99% used [0x0000000080000000,0x00000000d095f7a8,0x00000000d0980000)
 Metaspace       used 92517K, committed 94400K, reserved 1179648K
  class space    used 9321K, committed 10176K, reserved 1048576K
}
Event: 10383.095 GC heap after
{Heap after GC invocations=1857 (full 6):
 PSYoungGen      total 6144K, used 2496K [0x00000000d5580000, 0x00000000d6100000, 0x0000000100000000)
  eden space 3584K, 0% used [0x00000000d5580000,0x00000000d5580000,0x00000000d5900000)
  from space 2560K, 97% used [0x00000000d5e80000,0x00000000d60f0020,0x00000000d6100000)
  to   space 3584K, 0% used [0x00000000d5a00000,0x00000000d5a00000,0x00000000d5d80000)
 ParOldGen       total 1322496K, used 1322269K [0x0000000080000000, 0x00000000d0b80000, 0x00000000d5580000)
  object space 1322496K, 99% used [0x0000000080000000,0x00000000d0b477a8,0x00000000d0b80000)
 Metaspace       used 92517K, committed 94400K, reserved 1179648K
  class space    used 9321K, committed 10176K, reserved 1048576K
}
Event: 10383.210 GC heap before
{Heap before GC invocations=1858 (full 6):
 PSYoungGen      total 6144K, used 6080K [0x00000000d5580000, 0x00000000d6100000, 0x0000000100000000)
  eden space 3584K, 100% used [0x00000000d5580000,0x00000000d5900000,0x00000000d5900000)
  from space 2560K, 97% used [0x00000000d5e80000,0x00000000d60f0020,0x00000000d6100000)
  to   space 3584K, 0% used [0x00000000d5a00000,0x00000000d5a00000,0x00000000d5d80000)
 ParOldGen       total 1322496K, used 1322269K [0x0000000080000000, 0x00000000d0b80000, 0x00000000d5580000)
  object space 1322496K, 99% used [0x0000000080000000,0x00000000d0b477a8,0x00000000d0b80000)
 Metaspace       used 92517K, committed 94400K, reserved 1179648K
  class space    used 9321K, committed 10176K, reserved 1048576K
}
Event: 10383.221 GC heap after
{Heap after GC invocations=1858 (full 6):
 PSYoungGen      total 7168K, used 3571K [0x00000000d5580000, 0x00000000d6600000, 0x0000000100000000)
  eden space 3584K, 0% used [0x00000000d5580000,0x00000000d5580000,0x00000000d5900000)
  from space 3584K, 99% used [0x00000000d5a00000,0x00000000d5d7cef0,0x00000000d5d80000)
  to   space 6656K, 0% used [0x00000000d5f80000,0x00000000d5f80000,0x00000000d6600000)
 ParOldGen       total 1325568K, used 1324646K [0x0000000080000000, 0x00000000d0e80000, 0x00000000d5580000)
  object space 1325568K, 99% used [0x0000000080000000,0x00000000d0d999a0,0x00000000d0e80000)
 Metaspace       used 92517K, committed 94400K, reserved 1179648K
  class space    used 9321K, committed 10176K, reserved 1048576K
}
Event: 10383.233 GC heap before
{Heap before GC invocations=1859 (full 6):
 PSYoungGen      total 7168K, used 7155K [0x00000000d5580000, 0x00000000d6600000, 0x0000000100000000)
  eden space 3584K, 100% used [0x00000000d5580000,0x00000000d5900000,0x00000000d5900000)
  from space 3584K, 99% used [0x00000000d5a00000,0x00000000d5d7cef0,0x00000000d5d80000)
  to   space 6656K, 0% used [0x00000000d5f80000,0x00000000d5f80000,0x00000000d6600000)
 ParOldGen       total 1325568K, used 1324646K [0x0000000080000000, 0x00000000d0e80000, 0x00000000d5580000)
  object space 1325568K, 99% used [0x0000000080000000,0x00000000d0d999a0,0x00000000d0e80000)
 Metaspace       used 92517K, committed 94400K, reserved 1179648K
  class space    used 9321K, committed 10176K, reserved 1048576K
}
Event: 10383.241 GC heap after
{Heap after GC invocations=1859 (full 6):
 PSYoungGen      total 8704K, used 3648K [0x00000000d5580000, 0x00000000d6380000, 0x0000000100000000)
  eden space 4608K, 0% used [0x00000000d5580000,0x00000000d5580000,0x00000000d5a00000)
  from space 4096K, 89% used [0x00000000d5f80000,0x00000000d6310000,0x00000000d6380000)
  to   space 4608K, 0% used [0x00000000d5a80000,0x00000000d5a80000,0x00000000d5f00000)
 ParOldGen       total 1328640K, used 1328130K [0x0000000080000000, 0x00000000d1180000, 0x00000000d5580000)
  object space 1328640K, 99% used [0x0000000080000000,0x00000000d1100890,0x00000000d1180000)
 Metaspace       used 92517K, committed 94400K, reserved 1179648K
  class space    used 9321K, committed 10176K, reserved 1048576K
}
Event: 10383.265 GC heap before
{Heap before GC invocations=1860 (full 6):
 PSYoungGen      total 8704K, used 8238K [0x00000000d5580000, 0x00000000d6380000, 0x0000000100000000)
  eden space 4608K, 99% used [0x00000000d5580000,0x00000000d59fb9c0,0x00000000d5a00000)
  from space 4096K, 89% used [0x00000000d5f80000,0x00000000d6310000,0x00000000d6380000)
  to   space 4608K, 0% used [0x00000000d5a80000,0x00000000d5a80000,0x00000000d5f00000)
 ParOldGen       total 1328640K, used 1328130K [0x0000000080000000, 0x00000000d1180000, 0x00000000d5580000)
  object space 1328640K, 99% used [0x0000000080000000,0x00000000d1100890,0x00000000d1180000)
 Metaspace       used 92517K, committed 94400K, reserved 1179648K
  class space    used 9321K, committed 10176K, reserved 1048576K
}
Event: 10383.275 GC heap after
{Heap after GC invocations=1860 (full 6):
 PSYoungGen      total 9728K, used 4344K [0x00000000d5580000, 0x00000000d6400000, 0x0000000100000000)
  eden space 5120K, 0% used [0x00000000d5580000,0x00000000d5580000,0x00000000d5a80000)
  from space 4608K, 94% used [0x00000000d5a80000,0x00000000d5ebe000,0x00000000d5f00000)
  to   space 4608K, 0% used [0x00000000d5f80000,0x00000000d5f80000,0x00000000d6400000)
 ParOldGen       total 1331712K, used 1331666K [0x0000000080000000, 0x00000000d1480000, 0x00000000d5580000)
  object space 1331712K, 99% used [0x0000000080000000,0x00000000d1474890,0x00000000d1480000)
 Metaspace       used 92517K, committed 94400K, reserved 1179648K
  class space    used 9321K, committed 10176K, reserved 1048576K
}
Event: 10383.465 GC heap before
{Heap before GC invocations=1861 (full 6):
 PSYoungGen      total 9728K, used 9464K [0x00000000d5580000, 0x00000000d6400000, 0x0000000100000000)
  eden space 5120K, 100% used [0x00000000d5580000,0x00000000d5a80000,0x00000000d5a80000)
  from space 4608K, 94% used [0x00000000d5a80000,0x00000000d5ebe000,0x00000000d5f00000)
  to   space 4608K, 0% used [0x00000000d5f80000,0x00000000d5f80000,0x00000000d6400000)
 ParOldGen       total 1363456K, used 1362386K [0x0000000080000000, 0x00000000d3380000, 0x00000000d5580000)
  object space 1363456K, 99% used [0x0000000080000000,0x00000000d32748c0,0x00000000d3380000)
 Metaspace       used 92523K, committed 94400K, reserved 1179648K
  class space    used 9321K, committed 10176K, reserved 1048576K
}
Event: 10383.474 GC heap after
{Heap after GC invocations=1861 (full 6):
 PSYoungGen      total 7680K, used 2304K [0x00000000d5580000, 0x00000000d6200000, 0x0000000100000000)
  eden space 5120K, 0% used [0x00000000d5580000,0x00000000d5580000,0x00000000d5a80000)
  from space 2560K, 90% used [0x00000000d5f80000,0x00000000d61c0000,0x00000000d6200000)
  to   space 3072K, 0% used [0x00000000d5c00000,0x00000000d5c00000,0x00000000d5f00000)
 ParOldGen       total 1366528K, used 1366386K [0x0000000080000000, 0x00000000d3680000, 0x00000000d5580000)
  object space 1366528K, 99% used [0x0000000080000000,0x00000000d365c8c0,0x00000000d3680000)
 Metaspace       used 92523K, committed 94400K, reserved 1179648K
  class space    used 9321K, committed 10176K, reserved 1048576K
}
Event: 10383.982 GC heap before
{Heap before GC invocations=1862 (full 6):
 PSYoungGen      total 7680K, used 7424K [0x00000000d5580000, 0x00000000d6200000, 0x0000000100000000)
  eden space 5120K, 100% used [0x00000000d5580000,0x00000000d5a80000,0x00000000d5a80000)
  from space 2560K, 90% used [0x00000000d5f80000,0x00000000d61c0000,0x00000000d6200000)
  to   space 3072K, 0% used [0x00000000d5c00000,0x00000000d5c00000,0x00000000d5f00000)
 ParOldGen       total 1366528K, used 1366386K [0x0000000080000000, 0x00000000d3680000, 0x00000000d5580000)
  object space 1366528K, 99% used [0x0000000080000000,0x00000000d365c8c0,0x00000000d3680000)
 Metaspace       used 92526K, committed 94400K, reserved 1179648K
  class space    used 9321K, committed 10176K, reserved 1048576K
}
Event: 10383.986 GC heap after
{Heap after GC invocations=1862 (full 6):
 PSYoungGen      total 6144K, used 586K [0x00000000d5580000, 0x00000000d6000000, 0x0000000100000000)
  eden space 5120K, 0% used [0x00000000d5580000,0x00000000d5580000,0x00000000d5a80000)
  from space 1024K, 57% used [0x00000000d5c00000,0x00000000d5c92910,0x00000000d5d00000)
  to   space 1536K, 0% used [0x00000000d5e80000,0x00000000d5e80000,0x00000000d6000000)
 ParOldGen       total 1368576K, used 1368498K [0x0000000080000000, 0x00000000d3880000, 0x00000000d5580000)
  object space 1368576K, 99% used [0x0000000080000000,0x00000000d386c920,0x00000000d3880000)
 Metaspace       used 92526K, committed 94400K, reserved 1179648K
  class space    used 9321K, committed 10176K, reserved 1048576K
}
Event: 10383.993 GC heap before
{Heap before GC invocations=1863 (full 6):
 PSYoungGen      total 6144K, used 5706K [0x00000000d5580000, 0x00000000d6000000, 0x0000000100000000)
  eden space 5120K, 100% used [0x00000000d5580000,0x00000000d5a80000,0x00000000d5a80000)
  from space 1024K, 57% used [0x00000000d5c00000,0x00000000d5c92910,0x00000000d5d00000)
  to   space 1536K, 0% used [0x00000000d5e80000,0x00000000d5e80000,0x00000000d6000000)
 ParOldGen       total 1368576K, used 1368498K [0x0000000080000000, 0x00000000d3880000, 0x00000000d5580000)
  object space 1368576K, 99% used [0x0000000080000000,0x00000000d386c920,0x00000000d3880000)
 Metaspace       used 92526K, committed 94400K, reserved 1179648K
  class space    used 9321K, committed 10176K, reserved 1048576K
}
Event: 10383.999 GC heap after
{Heap after GC invocations=1863 (full 6):
 PSYoungGen      total 7168K, used 656K [0x00000000d5580000, 0x00000000d5f80000, 0x0000000100000000)
  eden space 6144K, 0% used [0x00000000d5580000,0x00000000d5580000,0x00000000d5b80000)
  from space 1024K, 64% used [0x00000000d5e80000,0x00000000d5f24010,0x00000000d5f80000)
  to   space 1024K, 0% used [0x00000000d5d80000,0x00000000d5d80000,0x00000000d5e80000)
 ParOldGen       total 1369088K, used 1368926K [0x0000000080000000, 0x00000000d3900000, 0x00000000d5580000)
  object space 1369088K, 99% used [0x0000000080000000,0x00000000d38d7b30,0x00000000d3900000)
 Metaspace       used 92526K, committed 94400K, reserved 1179648K
  class space    used 9321K, committed 10176K, reserved 1048576K
}
Event: 10396.307 GC heap before
{Heap before GC invocations=1864 (full 6):
 PSYoungGen      total 7168K, used 6800K [0x00000000d5580000, 0x00000000d5f80000, 0x0000000100000000)
  eden space 6144K, 100% used [0x00000000d5580000,0x00000000d5b80000,0x00000000d5b80000)
  from space 1024K, 64% used [0x00000000d5e80000,0x00000000d5f24010,0x00000000d5f80000)
  to   space 1024K, 0% used [0x00000000d5d80000,0x00000000d5d80000,0x00000000d5e80000)
 ParOldGen       total 1369088K, used 1368926K [0x0000000080000000, 0x00000000d3900000, 0x00000000d5580000)
  object space 1369088K, 99% used [0x0000000080000000,0x00000000d38d7b30,0x00000000d3900000)
 Metaspace       used 92542K, committed 94400K, reserved 1179648K
  class space    used 9322K, committed 10176K, reserved 1048576K
}
Event: 10396.317 GC heap after
{Heap after GC invocations=1864 (full 6):
 PSYoungGen      total 7168K, used 352K [0x00000000d5580000, 0x00000000d5f00000, 0x0000000100000000)
  eden space 6144K, 0% used [0x00000000d5580000,0x00000000d5580000,0x00000000d5b80000)
  from space 1024K, 34% used [0x00000000d5d80000,0x00000000d5dd8000,0x00000000d5e80000)
  to   space 512K, 0% used [0x00000000d5e80000,0x00000000d5e80000,0x00000000d5f00000)
 ParOldGen       total 1369600K, used 1369222K [0x0000000080000000, 0x00000000d3980000, 0x00000000d5580000)
  object space 1369600K, 99% used [0x0000000080000000,0x00000000d3921b30,0x00000000d3980000)
 Metaspace       used 92542K, committed 94400K, reserved 1179648K
  class space    used 9322K, committed 10176K, reserved 1048576K
}
Event: 10396.352 GC heap before
{Heap before GC invocations=1865 (full 6):
 PSYoungGen      total 7168K, used 6496K [0x00000000d5580000, 0x00000000d5f00000, 0x0000000100000000)
  eden space 6144K, 100% used [0x00000000d5580000,0x00000000d5b80000,0x00000000d5b80000)
  from space 1024K, 34% used [0x00000000d5d80000,0x00000000d5dd8000,0x00000000d5e80000)
  to   space 512K, 0% used [0x00000000d5e80000,0x00000000d5e80000,0x00000000d5f00000)
 ParOldGen       total 1369600K, used 1369222K [0x0000000080000000, 0x00000000d3980000, 0x00000000d5580000)
  object space 1369600K, 99% used [0x0000000080000000,0x00000000d3921b30,0x00000000d3980000)
 Metaspace       used 92551K, committed 94400K, reserved 1179648K
  class space    used 9322K, committed 10176K, reserved 1048576K
}
Event: 10396.372 GC heap after
{Heap after GC invocations=1865 (full 6):
 PSYoungGen      total 8192K, used 506K [0x00000000d5580000, 0x00000000d6000000, 0x0000000100000000)
  eden space 7680K, 0% used [0x00000000d5580000,0x00000000d5580000,0x00000000d5d00000)
  from space 512K, 98% used [0x00000000d5e80000,0x00000000d5efe920,0x00000000d5f00000)
  to   space 1536K, 0% used [0x00000000d5d00000,0x00000000d5d00000,0x00000000d5e80000)
 ParOldGen       total 1370112K, used 1369738K [0x0000000080000000, 0x00000000d3a00000, 0x00000000d5580000)
  object space 1370112K, 99% used [0x0000000080000000,0x00000000d39a2a80,0x00000000d3a00000)
 Metaspace       used 92551K, committed 94400K, reserved 1179648K
  class space    used 9322K, committed 10176K, reserved 1048576K
}
Event: 10396.574 GC heap before
{Heap before GC invocations=1866 (full 6):
 PSYoungGen      total 8192K, used 8186K [0x00000000d5580000, 0x00000000d6000000, 0x0000000100000000)
  eden space 7680K, 100% used [0x00000000d5580000,0x00000000d5d00000,0x00000000d5d00000)
  from space 512K, 98% used [0x00000000d5e80000,0x00000000d5efe920,0x00000000d5f00000)
  to   space 1536K, 0% used [0x00000000d5d00000,0x00000000d5d00000,0x00000000d5e80000)
 ParOldGen       total 1370112K, used 1369738K [0x0000000080000000, 0x00000000d3a00000, 0x00000000d5580000)
  object space 1370112K, 99% used [0x0000000080000000,0x00000000d39a2a80,0x00000000d3a00000)
 Metaspace       used 92646K, committed 94528K, reserved 1179648K
  class space    used 9326K, committed 10176K, reserved 1048576K
}
Event: 10396.585 GC heap after
{Heap after GC invocations=1866 (full 6):
 PSYoungGen      total 8192K, used 352K [0x00000000d5580000, 0x00000000d5f00000, 0x0000000100000000)
  eden space 7680K, 0% used [0x00000000d5580000,0x00000000d5580000,0x00000000d5d00000)
  from space 512K, 68% used [0x00000000d5d00000,0x00000000d5d58000,0x00000000d5d80000)
  to   space 1024K, 0% used [0x00000000d5e00000,0x00000000d5e00000,0x00000000d5f00000)
 ParOldGen       total 1370624K, used 1370193K [0x0000000080000000, 0x00000000d3a80000, 0x00000000d5580000)
  object space 1370624K, 99% used [0x0000000080000000,0x00000000d3a147a8,0x00000000d3a80000)
 Metaspace       used 92646K, committed 94528K, reserved 1179648K
  class space    used 9326K, committed 10176K, reserved 1048576K
}

