# JRE version: OpenJDK Runtime Environment (25.0.1+8) (build 25.0.1+8-27)
# Java VM: OpenJDK 64-Bit Server VM (25.0.1+8-27, mixed mode, sharing, tiered, compressed oops, compressed class ptrs, g1 gc, windows-amd64)
GC Precious Log:
 CardTable entry size: 512
 Card Set container configuration: InlinePtr #cards 5 size 8 Array Of Cards #cards 10 size 36 Howl #buckets 4 coarsen threshold 1843 Howl Bitmap #cards 512 size 80 coarsen threshold 460 Card regions per heap region 1 cards per card region 2048
 CPUs: 12 total, 12 available
 Memory: 5996M
 Large Page Support: Disabled
 NUMA Support: Disabled
 Compressed Oops: Enabled (32-bit)
 Heap Region Size: 1M
 Heap Min Capacity: 8M
 Heap Initial Capacity: 94M
 Heap Max Capacity: 1500M
 Pre-touch: Disabled
 Parallel Workers: 10
 Concurrent Workers: 3
 Concurrent Refinement Workers: 10
 Periodic GC: Disabled
Heap:
 garbage-first heap   total reserved 1536000K, committed 311296K, used 194076K [0x00000000a2400000, 0x0000000100000000)
  region size 1024K, 104 young (106496K), 5 survivors (5120K)
GC Heap Usage History (20 events):
Event: 8.483 {heap Before GC invocations=24 (full 0):
 garbage-first heap   total reserved 1536000K, committed 96256K, used 82044K [0x00000000a2400000, 0x0000000100000000)
  region size 1024K, 23 young (23552K), 4 survivors (4096K)
}
Event: 8.492 {heap After GC invocations=25 (full 0):
 garbage-first heap   total reserved 1536000K, committed 96256K, used 70088K [0x00000000a2400000, 0x0000000100000000)
  region size 1024K, 3 young (3072K), 3 survivors (3072K)
}
Event: 8.508 {heap Before GC invocations=25 (full 0):
 garbage-first heap   total reserved 1536000K, committed 96256K, used 84424K [0x00000000a2400000, 0x0000000100000000)
  region size 1024K, 17 young (17408K), 3 survivors (3072K)
}
Event: 8.515 {heap After GC invocations=26 (full 0):
 garbage-first heap   total reserved 1536000K, committed 96256K, used 76112K [0x00000000a2400000, 0x0000000100000000)
  region size 1024K, 3 young (3072K), 3 survivors (3072K)
}
Event: 8.536 {heap Before GC invocations=26 (full 0):
 garbage-first heap   total reserved 1536000K, committed 96256K, used 86352K [0x00000000a2400000, 0x0000000100000000)
  region size 1024K, 13 young (13312K), 3 survivors (3072K)
}
Event: 8.540 {heap After GC invocations=27 (full 0):
 garbage-first heap   total reserved 1536000K, committed 96256K, used 79088K [0x00000000a2400000, 0x0000000100000000)
  region size 1024K, 2 young (2048K), 2 survivors (2048K)
}
Event: 8.562 {heap Before GC invocations=28 (full 0):
 garbage-first heap   total reserved 1536000K, committed 130048K, used 86256K [0x00000000a2400000, 0x0000000100000000)
  region size 1024K, 11 young (11264K), 2 survivors (2048K)
}
Event: 8.565 {heap After GC invocations=29 (full 0):
 garbage-first heap   total reserved 1536000K, committed 358400K, used 79477K [0x00000000a2400000, 0x0000000100000000)
  region size 1024K, 2 young (2048K), 2 survivors (2048K)
}
Event: 8.916 {heap Before GC invocations=29 (full 0):
 garbage-first heap   total reserved 1536000K, committed 358400K, used 246389K [0x00000000a2400000, 0x0000000100000000)
  region size 1024K, 164 young (167936K), 2 survivors (2048K)
}
Event: 8.943 {heap After GC invocations=30 (full 0):
 garbage-first heap   total reserved 1536000K, committed 358400K, used 104711K [0x00000000a2400000, 0x0000000100000000)
  region size 1024K, 21 young (21504K), 21 survivors (21504K)
}
Event: 9.087 {heap Before GC invocations=30 (full 0):
 garbage-first heap   total reserved 1536000K, committed 358400K, used 228615K [0x00000000a2400000, 0x0000000100000000)
  region size 1024K, 140 young (143360K), 21 survivors (21504K)
}
Event: 9.133 {heap After GC invocations=31 (full 0):
 garbage-first heap   total reserved 1536000K, committed 358400K, used 146228K [0x00000000a2400000, 0x0000000100000000)
  region size 1024K, 18 young (18432K), 18 survivors (18432K)
}
Event: 9.257 {heap Before GC invocations=31 (full 0):
 garbage-first heap   total reserved 1536000K, committed 358400K, used 253748K [0x00000000a2400000, 0x0000000100000000)
  region size 1024K, 123 young (125952K), 18 survivors (18432K)
}
Event: 9.273 {heap After GC invocations=32 (full 0):
 garbage-first heap   total reserved 1536000K, committed 358400K, used 154983K [0x00000000a2400000, 0x0000000100000000)
  region size 1024K, 7 young (7168K), 7 survivors (7168K)
}
Event: 9.390 {heap Before GC invocations=33 (full 0):
 garbage-first heap   total reserved 1536000K, committed 358400K, used 263527K [0x00000000a2400000, 0x0000000100000000)
  region size 1024K, 121 young (123904K), 7 survivors (7168K)
}
Event: 9.395 {heap After GC invocations=34 (full 0):
 garbage-first heap   total reserved 1536000K, committed 358400K, used 147214K [0x00000000a2400000, 0x0000000100000000)
  region size 1024K, 7 young (7168K), 7 survivors (7168K)
}
Event: 9.546 {heap Before GC invocations=34 (full 0):
 garbage-first heap   total reserved 1536000K, committed 358400K, used 279310K [0x00000000a2400000, 0x0000000100000000)
  region size 1024K, 136 young (139264K), 7 survivors (7168K)
}
Event: 9.548 {heap After GC invocations=35 (full 0):
 garbage-first heap   total reserved 1536000K, committed 358400K, used 126702K [0x00000000a2400000, 0x0000000100000000)
  region size 1024K, 4 young (4096K), 4 survivors (4096K)
}
Event: 12.502 {heap Before GC invocations=35 (full 0):
 garbage-first heap   total reserved 1536000K, committed 358400K, used 282350K [0x00000000a2400000, 0x0000000100000000)
  region size 1024K, 156 young (159744K), 4 survivors (4096K)
}
Event: 12.510 {heap After GC invocations=36 (full 0):
 garbage-first heap   total reserved 1536000K, committed 358400K, used 127516K [0x00000000a2400000, 0x0000000100000000)
  region size 1024K, 5 young (5120K), 5 survivors (5120K)
}

