# JRE version: OpenJDK Runtime Environment (25.0.1+8) (build 25.0.1+8-27)
# Java VM: OpenJDK 64-Bit Server VM (25.0.1+8-27, mixed mode, sharing, tiered, compressed oops, compressed class ptrs, g1 gc, windows-amd64)
GC Precious Log:
 CardTable entry size: 512
 Card Set container configuration: InlinePtr #cards 5 size 8 Array Of Cards #cards 10 size 36 Howl #buckets 4 coarsen threshold 1843 Howl Bitmap #cards 512 size 80 coarsen threshold 460 Card regions per heap region 1 cards per card region 2048
 CPUs: 12 total, 12 available
 Memory: 5996M
 Large Page Support: Disabled
 NUMA Support: Disabled
 Compressed Oops: Enabled (32-bit)
 Heap Region Size: 1M
 Heap Min Capacity: 8M
 Heap Initial Capacity: 94M
 Heap Max Capacity: 1500M
 Pre-touch: Disabled
 Parallel Workers: 10
 Concurrent Workers: 3
 Concurrent Refinement Workers: 10
 Periodic GC: Disabled
Heap:
 garbage-first heap   total reserved 1536000K, committed 150528K, used 55324K [0x00000000a2400000, 0x0000000100000000)
  region size 1024K, 5 young (5120K), 1 survivors (1024K)
GC Heap Usage History (20 events):
Event: 7.440 {heap After GC invocations=32 (full 0):
 garbage-first heap   total reserved 1536000K, committed 150528K, used 41976K [0x00000000a2400000, 0x0000000100000000)
  region size 1024K, 3 young (3072K), 3 survivors (3072K)
}
Event: 8.087 {heap Before GC invocations=32 (full 0):
 garbage-first heap   total reserved 1536000K, committed 150528K, used 131064K [0x00000000a2400000, 0x0000000100000000)
  region size 1024K, 88 young (90112K), 3 survivors (3072K)
}
Event: 8.097 {heap After GC invocations=33 (full 0):
 garbage-first heap   total reserved 1536000K, committed 150528K, used 54305K [0x00000000a2400000, 0x0000000100000000)
  region size 1024K, 11 young (11264K), 11 survivors (11264K)
}
Event: 8.208 {heap Before GC invocations=33 (full 0):
 garbage-first heap   total reserved 1536000K, committed 150528K, used 96289K [0x00000000a2400000, 0x0000000100000000)
  region size 1024K, 54 young (55296K), 11 survivors (11264K)
}
Event: 8.213 {heap After GC invocations=34 (full 0):
 garbage-first heap   total reserved 1536000K, committed 150528K, used 47023K [0x00000000a2400000, 0x0000000100000000)
  region size 1024K, 2 young (2048K), 2 survivors (2048K)
}
Event: 8.370 {heap Before GC invocations=35 (full 0):
 garbage-first heap   total reserved 1536000K, committed 150528K, used 138159K [0x00000000a2400000, 0x0000000100000000)
  region size 1024K, 88 young (90112K), 2 survivors (2048K)
}
Event: 8.377 {heap After GC invocations=36 (full 0):
 garbage-first heap   total reserved 1536000K, committed 150528K, used 54834K [0x00000000a2400000, 0x0000000100000000)
  region size 1024K, 9 young (9216K), 9 survivors (9216K)
}
Event: 8.603 {heap Before GC invocations=36 (full 0):
 garbage-first heap   total reserved 1536000K, committed 150528K, used 133682K [0x00000000a2400000, 0x0000000100000000)
  region size 1024K, 85 young (87040K), 9 survivors (9216K)
}
Event: 8.605 {heap After GC invocations=37 (full 0):
 garbage-first heap   total reserved 1536000K, committed 150528K, used 47028K [0x00000000a2400000, 0x0000000100000000)
  region size 1024K, 2 young (2048K), 2 survivors (2048K)
}
Event: 20.444 {heap Before GC invocations=37 (full 0):
 garbage-first heap   total reserved 1536000K, committed 150528K, used 134068K [0x00000000a2400000, 0x0000000100000000)
  region size 1024K, 88 young (90112K), 2 survivors (2048K)
}
Event: 20.451 {heap After GC invocations=38 (full 0):
 garbage-first heap   total reserved 1536000K, committed 150528K, used 52158K [0x00000000a2400000, 0x0000000100000000)
  region size 1024K, 7 young (7168K), 7 survivors (7168K)
}
Event: 300.910 {heap Before GC invocations=39 (full 0):
 garbage-first heap   total reserved 1536000K, committed 150528K, used 134078K [0x00000000a2400000, 0x0000000100000000)
  region size 1024K, 88 young (90112K), 7 survivors (7168K)
}
Event: 300.976 {heap After GC invocations=40 (full 0):
 garbage-first heap   total reserved 1536000K, committed 150528K, used 54356K [0x00000000a2400000, 0x0000000100000000)
  region size 1024K, 3 young (3072K), 3 survivors (3072K)
}
Event: 413.135 {heap Before GC invocations=40 (full 0):
 garbage-first heap   total reserved 1536000K, committed 150528K, used 95316K [0x00000000a2400000, 0x0000000100000000)
  region size 1024K, 44 young (45056K), 3 survivors (3072K)
}
Event: 413.899 {heap After GC invocations=41 (full 1):
 garbage-first heap   total reserved 1536000K, committed 150528K, used 43722K [0x00000000a2400000, 0x0000000100000000)
  region size 1024K, 0 young (0K), 0 survivors (0K)
}
Event: 415.766 {heap Before GC invocations=41 (full 1):
 garbage-first heap   total reserved 1536000K, committed 150528K, used 132810K [0x00000000a2400000, 0x0000000100000000)
  region size 1024K, 88 young (90112K), 0 survivors (0K)
}
Event: 415.787 {heap After GC invocations=42 (full 1):
 garbage-first heap   total reserved 1536000K, committed 150528K, used 50254K [0x00000000a2400000, 0x0000000100000000)
  region size 1024K, 7 young (7168K), 7 survivors (7168K)
}
Event: 481.119 {heap Before GC invocations=43 (full 1):
 garbage-first heap   total reserved 1536000K, committed 150528K, used 132174K [0x00000000a2400000, 0x0000000100000000)
  region size 1024K, 87 young (89088K), 7 survivors (7168K)
}
Event: 484.062 {heap After GC invocations=44 (full 1):
 garbage-first heap   total reserved 1536000K, committed 150528K, used 52088K [0x00000000a2400000, 0x0000000100000000)
  region size 1024K, 4 young (4096K), 4 survivors (4096K)
}
Event: 486.702 {heap Before GC invocations=44 (full 1):
 garbage-first heap   total reserved 1536000K, committed 150528K, used 55160K [0x00000000a2400000, 0x0000000100000000)
  region size 1024K, 7 young (7168K), 4 survivors (4096K)
}

