# JRE version: OpenJDK Runtime Environment Temurin-21.0.9+10 (21.0.9+10) (build 21.0.9+10-LTS)
# Java VM: OpenJDK 64-Bit Server VM Temurin-21.0.9+10 (21.0.9+10-LTS, mixed mode, sharing, tiered, compressed oops, compressed class ptrs, parallel gc, windows-amd64)
GC Precious Log:
 CardTable entry size: 512
 CPUs: 12 total, 12 available
 Memory: 5996M
 Large Page Support: Disabled
 NUMA Support: Disabled
 Compressed Oops: Enabled (32-bit)
 Alignments: Space 512K, Generation 512K, Heap 2M
 Heap Min Capacity: 100M
 Heap Initial Capacity: 100M
 Heap Max Capacity: 2G
 Pre-touch: Disabled
 Parallel Workers: 10
Heap:
 PSYoungGen      total 15360K, used 14039K [0x00000000d5580000, 0x00000000d6b00000, 0x0000000100000000)
  eden space 13824K, 90% used [0x00000000d5580000,0x00000000d61bcb40,0x00000000d6300000)
  from space 1536K, 98% used [0x00000000d6680000,0x00000000d67f9210,0x00000000d6800000)
  to   space 3584K, 0% used [0x00000000d6300000,0x00000000d6300000,0x00000000d6680000)
 ParOldGen       total 739328K, used 739315K [0x0000000080000000, 0x00000000ad200000, 0x00000000d5580000)
  object space 739328K, 99% used [0x0000000080000000,0x00000000ad1fcce0,0x00000000ad200000)
 Metaspace       used 93872K, committed 95680K, reserved 1179648K
  class space    used 9417K, committed 10304K, reserved 1048576K
GC Heap History (20 events):
Event: 26479.691 GC heap before
{Heap before GC invocations=2124 (full 6):
 PSYoungGen      total 17920K, used 17635K [0x00000000d5580000, 0x00000000d6a80000, 0x0000000100000000)
  eden space 15360K, 100% used [0x00000000d5580000,0x00000000d6480000,0x00000000d6480000)
  from space 2560K, 88% used [0x00000000d6800000,0x00000000d6a38ef0,0x00000000d6a80000)
  to   space 2560K, 0% used [0x00000000d6580000,0x00000000d6580000,0x00000000d6800000)
 ParOldGen       total 723968K, used 722569K [0x0000000080000000, 0x00000000ac300000, 0x00000000d5580000)
  object space 723968K, 99% used [0x0000000080000000,0x00000000ac1a25b0,0x00000000ac300000)
 Metaspace       used 93862K, committed 95680K, reserved 1179648K
  class space    used 9417K, committed 10304K, reserved 1048576K
}
Event: 26479.697 GC heap after
{Heap after GC invocations=2124 (full 6):
 PSYoungGen      total 17920K, used 2466K [0x00000000d5580000, 0x00000000d6980000, 0x0000000100000000)
  eden space 15360K, 0% used [0x00000000d5580000,0x00000000d5580000,0x00000000d6480000)
  from space 2560K, 96% used [0x00000000d6580000,0x00000000d67e8aa8,0x00000000d6800000)
  to   space 1536K, 0% used [0x00000000d6800000,0x00000000d6800000,0x00000000d6980000)
 ParOldGen       total 724992K, used 724592K [0x0000000080000000, 0x00000000ac400000, 0x00000000d5580000)
  object space 724992K, 99% used [0x0000000080000000,0x00000000ac39c040,0x00000000ac400000)
 Metaspace       used 93862K, committed 95680K, reserved 1179648K
  class space    used 9417K, committed 10304K, reserved 1048576K
}
Event: 26479.744 GC heap before
{Heap before GC invocations=2125 (full 6):
 PSYoungGen      total 17920K, used 17826K [0x00000000d5580000, 0x00000000d6980000, 0x0000000100000000)
  eden space 15360K, 100% used [0x00000000d5580000,0x00000000d6480000,0x00000000d6480000)
  from space 2560K, 96% used [0x00000000d6580000,0x00000000d67e8aa8,0x00000000d6800000)
  to   space 1536K, 0% used [0x00000000d6800000,0x00000000d6800000,0x00000000d6980000)
 ParOldGen       total 724992K, used 724592K [0x0000000080000000, 0x00000000ac400000, 0x00000000d5580000)
  object space 724992K, 99% used [0x0000000080000000,0x00000000ac39c040,0x00000000ac400000)
 Metaspace       used 93862K, committed 95680K, reserved 1179648K
  class space    used 9417K, committed 10304K, reserved 1048576K
}
Event: 26479.750 GC heap after
{Heap after GC invocations=2125 (full 6):
 PSYoungGen      total 16896K, used 1248K [0x00000000d5580000, 0x00000000d6980000, 0x0000000100000000)
  eden space 15360K, 0% used [0x00000000d5580000,0x00000000d5580000,0x00000000d6480000)
  from space 1536K, 81% used [0x00000000d6800000,0x00000000d6938020,0x00000000d6980000)
  to   space 2048K, 0% used [0x00000000d6580000,0x00000000d6580000,0x00000000d6780000)
 ParOldGen       total 727040K, used 726834K [0x0000000080000000, 0x00000000ac600000, 0x00000000d5580000)
  object space 727040K, 99% used [0x0000000080000000,0x00000000ac5cc9d0,0x00000000ac600000)
 Metaspace       used 93862K, committed 95680K, reserved 1179648K
  class space    used 9417K, committed 10304K, reserved 1048576K
}
Event: 26479.825 GC heap before
{Heap before GC invocations=2126 (full 6):
 PSYoungGen      total 16896K, used 16608K [0x00000000d5580000, 0x00000000d6980000, 0x0000000100000000)
  eden space 15360K, 100% used [0x00000000d5580000,0x00000000d6480000,0x00000000d6480000)
  from space 1536K, 81% used [0x00000000d6800000,0x00000000d6938020,0x00000000d6980000)
  to   space 2048K, 0% used [0x00000000d6580000,0x00000000d6580000,0x00000000d6780000)
 ParOldGen       total 727040K, used 726834K [0x0000000080000000, 0x00000000ac600000, 0x00000000d5580000)
  object space 727040K, 99% used [0x0000000080000000,0x00000000ac5cc9d0,0x00000000ac600000)
 Metaspace       used 93866K, committed 95680K, reserved 1179648K
  class space    used 9417K, committed 10304K, reserved 1048576K
}
Event: 26479.830 GC heap after
{Heap after GC invocations=2126 (full 6):
 PSYoungGen      total 17408K, used 2040K [0x00000000d5580000, 0x00000000d6c80000, 0x0000000100000000)
  eden space 15360K, 0% used [0x00000000d5580000,0x00000000d5580000,0x00000000d6480000)
  from space 2048K, 99% used [0x00000000d6580000,0x00000000d677e168,0x00000000d6780000)
  to   space 4096K, 0% used [0x00000000d6880000,0x00000000d6880000,0x00000000d6c80000)
 ParOldGen       total 728064K, used 728060K [0x0000000080000000, 0x00000000ac700000, 0x00000000d5580000)
  object space 728064K, 99% used [0x0000000080000000,0x00000000ac6ff100,0x00000000ac700000)
 Metaspace       used 93866K, committed 95680K, reserved 1179648K
  class space    used 9417K, committed 10304K, reserved 1048576K
}
Event: 26479.882 GC heap before
{Heap before GC invocations=2127 (full 6):
 PSYoungGen      total 17408K, used 17400K [0x00000000d5580000, 0x00000000d6c80000, 0x0000000100000000)
  eden space 15360K, 100% used [0x00000000d5580000,0x00000000d6480000,0x00000000d6480000)
  from space 2048K, 99% used [0x00000000d6580000,0x00000000d677e168,0x00000000d6780000)
  to   space 4096K, 0% used [0x00000000d6880000,0x00000000d6880000,0x00000000d6c80000)
 ParOldGen       total 728064K, used 728060K [0x0000000080000000, 0x00000000ac700000, 0x00000000d5580000)
  object space 728064K, 99% used [0x0000000080000000,0x00000000ac6ff100,0x00000000ac700000)
 Metaspace       used 93869K, committed 95680K, reserved 1179648K
  class space    used 9417K, committed 10304K, reserved 1048576K
}
Event: 26479.888 GC heap after
{Heap after GC invocations=2127 (full 6):
 PSYoungGen      total 16896K, used 1325K [0x00000000d5580000, 0x00000000d6a00000, 0x0000000100000000)
  eden space 15360K, 0% used [0x00000000d5580000,0x00000000d5580000,0x00000000d6480000)
  from space 1536K, 86% used [0x00000000d6880000,0x00000000d69cb4d0,0x00000000d6a00000)
  to   space 2048K, 0% used [0x00000000d6600000,0x00000000d6600000,0x00000000d6800000)
 ParOldGen       total 730112K, used 730040K [0x0000000080000000, 0x00000000ac900000, 0x00000000d5580000)
  object space 730112K, 99% used [0x0000000080000000,0x00000000ac8ee0a8,0x00000000ac900000)
 Metaspace       used 93869K, committed 95680K, reserved 1179648K
  class space    used 9417K, committed 10304K, reserved 1048576K
}
Event: 26480.019 GC heap before
{Heap before GC invocations=2128 (full 6):
 PSYoungGen      total 16896K, used 16685K [0x00000000d5580000, 0x00000000d6a00000, 0x0000000100000000)
  eden space 15360K, 100% used [0x00000000d5580000,0x00000000d6480000,0x00000000d6480000)
  from space 1536K, 86% used [0x00000000d6880000,0x00000000d69cb4d0,0x00000000d6a00000)
  to   space 2048K, 0% used [0x00000000d6600000,0x00000000d6600000,0x00000000d6800000)
 ParOldGen       total 730112K, used 730040K [0x0000000080000000, 0x00000000ac900000, 0x00000000d5580000)
  object space 730112K, 99% used [0x0000000080000000,0x00000000ac8ee0a8,0x00000000ac900000)
 Metaspace       used 93869K, committed 95680K, reserved 1179648K
  class space    used 9417K, committed 10304K, reserved 1048576K
}
Event: 26480.023 GC heap after
{Heap after GC invocations=2128 (full 6):
 PSYoungGen      total 17408K, used 1712K [0x00000000d5580000, 0x00000000d6900000, 0x0000000100000000)
  eden space 15360K, 0% used [0x00000000d5580000,0x00000000d5580000,0x00000000d6480000)
  from space 2048K, 83% used [0x00000000d6600000,0x00000000d67ac310,0x00000000d6800000)
  to   space 1024K, 0% used [0x00000000d6800000,0x00000000d6800000,0x00000000d6900000)
 ParOldGen       total 731648K, used 731261K [0x0000000080000000, 0x00000000aca80000, 0x00000000d5580000)
  object space 731648K, 99% used [0x0000000080000000,0x00000000aca1f5c8,0x00000000aca80000)
 Metaspace       used 93869K, committed 95680K, reserved 1179648K
  class space    used 9417K, committed 10304K, reserved 1048576K
}
Event: 26480.081 GC heap before
{Heap before GC invocations=2129 (full 6):
 PSYoungGen      total 17408K, used 17072K [0x00000000d5580000, 0x00000000d6900000, 0x0000000100000000)
  eden space 15360K, 100% used [0x00000000d5580000,0x00000000d6480000,0x00000000d6480000)
  from space 2048K, 83% used [0x00000000d6600000,0x00000000d67ac310,0x00000000d6800000)
  to   space 1024K, 0% used [0x00000000d6800000,0x00000000d6800000,0x00000000d6900000)
 ParOldGen       total 731648K, used 731261K [0x0000000080000000, 0x00000000aca80000, 0x00000000d5580000)
  object space 731648K, 99% used [0x0000000080000000,0x00000000aca1f5c8,0x00000000aca80000)
 Metaspace       used 93871K, committed 95680K, reserved 1179648K
  class space    used 9417K, committed 10304K, reserved 1048576K
}
Event: 26480.087 GC heap after
{Heap after GC invocations=2129 (full 6):
 PSYoungGen      total 15872K, used 1011K [0x00000000d5580000, 0x00000000d6c80000, 0x0000000100000000)
  eden space 14848K, 0% used [0x00000000d5580000,0x00000000d5580000,0x00000000d6400000)
  from space 1024K, 98% used [0x00000000d6800000,0x00000000d68fcea0,0x00000000d6900000)
  to   space 4096K, 0% used [0x00000000d6400000,0x00000000d6400000,0x00000000d6800000)
 ParOldGen       total 734208K, used 733780K [0x0000000080000000, 0x00000000acd00000, 0x00000000d5580000)
  object space 734208K, 99% used [0x0000000080000000,0x00000000acc95208,0x00000000acd00000)
 Metaspace       used 93871K, committed 95680K, reserved 1179648K
  class space    used 9417K, committed 10304K, reserved 1048576K
}
Event: 26480.134 GC heap before
{Heap before GC invocations=2130 (full 6):
 PSYoungGen      total 15872K, used 15859K [0x00000000d5580000, 0x00000000d6c80000, 0x0000000100000000)
  eden space 14848K, 100% used [0x00000000d5580000,0x00000000d6400000,0x00000000d6400000)
  from space 1024K, 98% used [0x00000000d6800000,0x00000000d68fcea0,0x00000000d6900000)
  to   space 4096K, 0% used [0x00000000d6400000,0x00000000d6400000,0x00000000d6800000)
 ParOldGen       total 734208K, used 733780K [0x0000000080000000, 0x00000000acd00000, 0x00000000d5580000)
  object space 734208K, 99% used [0x0000000080000000,0x00000000acc95208,0x00000000acd00000)
 Metaspace       used 93871K, committed 95680K, reserved 1179648K
  class space    used 9417K, committed 10304K, reserved 1048576K
}
Event: 26480.139 GC heap after
{Heap after GC invocations=2130 (full 6):
 PSYoungGen      total 16384K, used 1392K [0x00000000d5580000, 0x00000000d6900000, 0x0000000100000000)
  eden space 14848K, 0% used [0x00000000d5580000,0x00000000d5580000,0x00000000d6400000)
  from space 1536K, 90% used [0x00000000d6400000,0x00000000d655c050,0x00000000d6580000)
  to   space 2560K, 0% used [0x00000000d6680000,0x00000000d6680000,0x00000000d6900000)
 ParOldGen       total 735232K, used 734816K [0x0000000080000000, 0x00000000ace00000, 0x00000000d5580000)
  object space 735232K, 99% used [0x0000000080000000,0x00000000acd98008,0x00000000ace00000)
 Metaspace       used 93871K, committed 95680K, reserved 1179648K
  class space    used 9417K, committed 10304K, reserved 1048576K
}
Event: 26480.162 GC heap before
{Heap before GC invocations=2131 (full 6):
 PSYoungGen      total 16384K, used 16240K [0x00000000d5580000, 0x00000000d6900000, 0x0000000100000000)
  eden space 14848K, 100% used [0x00000000d5580000,0x00000000d6400000,0x00000000d6400000)
  from space 1536K, 90% used [0x00000000d6400000,0x00000000d655c050,0x00000000d6580000)
  to   space 2560K, 0% used [0x00000000d6680000,0x00000000d6680000,0x00000000d6900000)
 ParOldGen       total 735232K, used 734816K [0x0000000080000000, 0x00000000ace00000, 0x00000000d5580000)
  object space 735232K, 99% used [0x0000000080000000,0x00000000acd98008,0x00000000ace00000)
 Metaspace       used 93871K, committed 95680K, reserved 1179648K
  class space    used 9417K, committed 10304K, reserved 1048576K
}
Event: 26480.167 GC heap after
{Heap after GC invocations=2131 (full 6):
 PSYoungGen      total 16896K, used 1914K [0x00000000d5580000, 0x00000000d6880000, 0x0000000100000000)
  eden space 14848K, 0% used [0x00000000d5580000,0x00000000d5580000,0x00000000d6400000)
  from space 2048K, 93% used [0x00000000d6680000,0x00000000d685e900,0x00000000d6880000)
  to   space 2048K, 0% used [0x00000000d6480000,0x00000000d6480000,0x00000000d6680000)
 ParOldGen       total 736256K, used 736088K [0x0000000080000000, 0x00000000acf00000, 0x00000000d5580000)
  object space 736256K, 99% used [0x0000000080000000,0x00000000aced60c8,0x00000000acf00000)
 Metaspace       used 93871K, committed 95680K, reserved 1179648K
  class space    used 9417K, committed 10304K, reserved 1048576K
}
Event: 26480.201 GC heap before
{Heap before GC invocations=2132 (full 6):
 PSYoungGen      total 16896K, used 16762K [0x00000000d5580000, 0x00000000d6880000, 0x0000000100000000)
  eden space 14848K, 100% used [0x00000000d5580000,0x00000000d6400000,0x00000000d6400000)
  from space 2048K, 93% used [0x00000000d6680000,0x00000000d685e900,0x00000000d6880000)
  to   space 2048K, 0% used [0x00000000d6480000,0x00000000d6480000,0x00000000d6680000)
 ParOldGen       total 736256K, used 736088K [0x0000000080000000, 0x00000000acf00000, 0x00000000d5580000)
  object space 736256K, 99% used [0x0000000080000000,0x00000000aced60c8,0x00000000acf00000)
 Metaspace       used 93871K, committed 95680K, reserved 1179648K
  class space    used 9417K, committed 10304K, reserved 1048576K
}
Event: 26480.209 GC heap after
{Heap after GC invocations=2132 (full 6):
 PSYoungGen      total 16896K, used 1559K [0x00000000d5580000, 0x00000000d6800000, 0x0000000100000000)
  eden space 14848K, 0% used [0x00000000d5580000,0x00000000d5580000,0x00000000d6400000)
  from space 2048K, 76% used [0x00000000d6480000,0x00000000d6605df0,0x00000000d6680000)
  to   space 1536K, 0% used [0x00000000d6680000,0x00000000d6680000,0x00000000d6800000)
 ParOldGen       total 737792K, used 737758K [0x0000000080000000, 0x00000000ad080000, 0x00000000d5580000)
  object space 737792K, 99% used [0x0000000080000000,0x00000000ad077988,0x00000000ad080000)
 Metaspace       used 93871K, committed 95680K, reserved 1179648K
  class space    used 9417K, committed 10304K, reserved 1048576K
}
Event: 26480.252 GC heap before
{Heap before GC invocations=2133 (full 6):
 PSYoungGen      total 16896K, used 16407K [0x00000000d5580000, 0x00000000d6800000, 0x0000000100000000)
  eden space 14848K, 100% used [0x00000000d5580000,0x00000000d6400000,0x00000000d6400000)
  from space 2048K, 76% used [0x00000000d6480000,0x00000000d6605df0,0x00000000d6680000)
  to   space 1536K, 0% used [0x00000000d6680000,0x00000000d6680000,0x00000000d6800000)
 ParOldGen       total 737792K, used 737758K [0x0000000080000000, 0x00000000ad080000, 0x00000000d5580000)
  object space 737792K, 99% used [0x0000000080000000,0x00000000ad077988,0x00000000ad080000)
 Metaspace       used 93872K, committed 95680K, reserved 1179648K
  class space    used 9417K, committed 10304K, reserved 1048576K
}
Event: 26480.257 GC heap after
{Heap after GC invocations=2133 (full 6):
 PSYoungGen      total 15360K, used 1508K [0x00000000d5580000, 0x00000000d6b00000, 0x0000000100000000)
  eden space 13824K, 0% used [0x00000000d5580000,0x00000000d5580000,0x00000000d6300000)
  from space 1536K, 98% used [0x00000000d6680000,0x00000000d67f9210,0x00000000d6800000)
  to   space 3584K, 0% used [0x00000000d6300000,0x00000000d6300000,0x00000000d6680000)
 ParOldGen       total 739328K, used 739315K [0x0000000080000000, 0x00000000ad200000, 0x00000000d5580000)
  object space 739328K, 99% used [0x0000000080000000,0x00000000ad1fcce0,0x00000000ad200000)
 Metaspace       used 93872K, committed 95680K, reserved 1179648K
  class space    used 9417K, committed 10304K, reserved 1048576K
}

