# JRE version: OpenJDK Runtime Environment (25.0.1+8) (build 25.0.1+8-27)
# Java VM: OpenJDK 64-Bit Server VM (25.0.1+8-27, mixed mode, sharing, tiered, compressed oops, compressed class ptrs, g1 gc, windows-amd64)
GC Precious Log:
 CardTable entry size: 512
 Card Set container configuration: InlinePtr #cards 5 size 8 Array Of Cards #cards 10 size 36 Howl #buckets 4 coarsen threshold 1843 Howl Bitmap #cards 512 size 80 coarsen threshold 460 Card regions per heap region 1 cards per card region 2048
 CPUs: 12 total, 12 available
 Memory: 5996M
 Large Page Support: Disabled
 NUMA Support: Disabled
 Compressed Oops: Enabled (32-bit)
 Heap Region Size: 1M
 Heap Min Capacity: 8M
 Heap Initial Capacity: 94M
 Heap Max Capacity: 1500M
 Pre-touch: Disabled
 Parallel Workers: 10
 Concurrent Workers: 3
 Concurrent Refinement Workers: 10
 Periodic GC: Disabled
Heap:
 garbage-first heap   total reserved 1536000K, committed 276480K, used 128875K [0x00000000a2400000, 0x0000000100000000)
  region size 1024K, 56 young (57344K), 3 survivors (3072K)
GC Heap Usage History (20 events):
Event: 9.232 {heap Before GC invocations=31 (full 0):
 garbage-first heap   total reserved 1536000K, committed 92160K, used 80781K [0x00000000a2400000, 0x0000000100000000)
  region size 1024K, 33 young (33792K), 4 survivors (4096K)
}
Event: 9.239 {heap After GC invocations=32 (full 0):
 garbage-first heap   total reserved 1536000K, committed 92160K, used 52494K [0x00000000a2400000, 0x0000000100000000)
  region size 1024K, 5 young (5120K), 5 survivors (5120K)
}
Event: 9.275 {heap Before GC invocations=32 (full 0):
 garbage-first heap   total reserved 1536000K, committed 92160K, used 80142K [0x00000000a2400000, 0x0000000100000000)
  region size 1024K, 32 young (32768K), 5 survivors (5120K)
}
Event: 9.284 {heap After GC invocations=33 (full 0):
 garbage-first heap   total reserved 1536000K, committed 184320K, used 58186K [0x00000000a2400000, 0x0000000100000000)
  region size 1024K, 4 young (4096K), 4 survivors (4096K)
}
Event: 9.560 {heap Before GC invocations=34 (full 0):
 garbage-first heap   total reserved 1536000K, committed 184320K, used 140106K [0x00000000a2400000, 0x0000000100000000)
  region size 1024K, 84 young (86016K), 4 survivors (4096K)
}
Event: 9.570 {heap After GC invocations=35 (full 0):
 garbage-first heap   total reserved 1536000K, committed 184320K, used 65536K [0x00000000a2400000, 0x0000000100000000)
  region size 1024K, 11 young (11264K), 11 survivors (11264K)
}
Event: 9.845 {heap Before GC invocations=35 (full 0):
 garbage-first heap   total reserved 1536000K, committed 184320K, used 136192K [0x00000000a2400000, 0x0000000100000000)
  region size 1024K, 80 young (81920K), 11 survivors (11264K)
}
Event: 9.856 {heap After GC invocations=36 (full 0):
 garbage-first heap   total reserved 1536000K, committed 184320K, used 67395K [0x00000000a2400000, 0x0000000100000000)
  region size 1024K, 5 young (5120K), 5 survivors (5120K)
}
Event: 10.172 {heap Before GC invocations=36 (full 0):
 garbage-first heap   total reserved 1536000K, committed 184320K, used 142147K [0x00000000a2400000, 0x0000000100000000)
  region size 1024K, 78 young (79872K), 5 survivors (5120K)
}
Event: 10.176 {heap After GC invocations=37 (full 0):
 garbage-first heap   total reserved 1536000K, committed 184320K, used 67083K [0x00000000a2400000, 0x0000000100000000)
  region size 1024K, 5 young (5120K), 5 survivors (5120K)
}
Event: 10.860 {heap Before GC invocations=38 (full 0):
 garbage-first heap   total reserved 1536000K, committed 184320K, used 143883K [0x00000000a2400000, 0x0000000100000000)
  region size 1024K, 82 young (83968K), 5 survivors (5120K)
}
Event: 10.870 {heap After GC invocations=39 (full 0):
 garbage-first heap   total reserved 1536000K, committed 184320K, used 74366K [0x00000000a2400000, 0x0000000100000000)
  region size 1024K, 11 young (11264K), 11 survivors (11264K)
}
Event: 11.068 {heap Before GC invocations=39 (full 0):
 garbage-first heap   total reserved 1536000K, committed 184320K, used 152190K [0x00000000a2400000, 0x0000000100000000)
  region size 1024K, 86 young (88064K), 11 survivors (11264K)
}
Event: 11.093 {heap After GC invocations=40 (full 0):
 garbage-first heap   total reserved 1536000K, committed 185344K, used 84148K [0x00000000a2400000, 0x0000000100000000)
  region size 1024K, 11 young (11264K), 11 survivors (11264K)
}
Event: 11.137 {heap Before GC invocations=40 (full 0):
 garbage-first heap   total reserved 1536000K, committed 185344K, used 92340K [0x00000000a2400000, 0x0000000100000000)
  region size 1024K, 20 young (20480K), 11 survivors (11264K)
}
Event: 11.145 {heap After GC invocations=41 (full 0):
 garbage-first heap   total reserved 1536000K, committed 185344K, used 86876K [0x00000000a2400000, 0x0000000100000000)
  region size 1024K, 2 young (2048K), 2 survivors (2048K)
}
Event: 11.327 {heap Before GC invocations=42 (full 0):
 garbage-first heap   total reserved 1536000K, committed 185344K, used 157532K [0x00000000a2400000, 0x0000000100000000)
  region size 1024K, 70 young (71680K), 2 survivors (2048K)
}
Event: 11.331 {heap After GC invocations=43 (full 0):
 garbage-first heap   total reserved 1536000K, committed 185344K, used 88487K [0x00000000a2400000, 0x0000000100000000)
  region size 1024K, 5 young (5120K), 5 survivors (5120K)
}
Event: 12.199 {heap Before GC invocations=43 (full 0):
 garbage-first heap   total reserved 1536000K, committed 185344K, used 158119K [0x00000000a2400000, 0x0000000100000000)
  region size 1024K, 74 young (75776K), 5 survivors (5120K)
}
Event: 12.206 {heap After GC invocations=44 (full 0):
 garbage-first heap   total reserved 1536000K, committed 276480K, used 76651K [0x00000000a2400000, 0x0000000100000000)
  region size 1024K, 3 young (3072K), 3 survivors (3072K)
}

