# JRE version: OpenJDK Runtime Environment (25.0.1+8) (build 25.0.1+8-27)
# Java VM: OpenJDK 64-Bit Server VM (25.0.1+8-27, mixed mode, sharing, tiered, compressed oops, compressed class ptrs, g1 gc, windows-amd64)
GC Precious Log:
 CardTable entry size: 512
 Card Set container configuration: InlinePtr #cards 5 size 8 Array Of Cards #cards 10 size 36 Howl #buckets 4 coarsen threshold 1843 Howl Bitmap #cards 512 size 80 coarsen threshold 460 Card regions per heap region 1 cards per card region 2048
 CPUs: 12 total, 12 available
 Memory: 5996M
 Large Page Support: Disabled
 NUMA Support: Disabled
 Compressed Oops: Enabled (32-bit)
 Heap Region Size: 1M
 Heap Min Capacity: 8M
 Heap Initial Capacity: 94M
 Heap Max Capacity: 1500M
 Pre-touch: Disabled
 Parallel Workers: 10
 Concurrent Workers: 3
 Concurrent Refinement Workers: 10
 Periodic GC: Disabled
Heap:
 garbage-first heap   total reserved 1536000K, committed 225280K, used 101435K [0x00000000a2400000, 0x0000000100000000)
  region size 1024K, 40 young (40960K), 3 survivors (3072K)
GC Heap Usage History (20 events):
Event: 6704.157 {heap Before GC invocations=148 (full 11):
 garbage-first heap   total reserved 1536000K, committed 263168K, used 212024K [0x00000000a2400000, 0x0000000100000000)
  region size 1024K, 143 young (146432K), 13 survivors (13312K)
}
Event: 6704.179 {heap After GC invocations=149 (full 11):
 garbage-first heap   total reserved 1536000K, committed 263168K, used 67582K [0x00000000a2400000, 0x0000000100000000)
  region size 1024K, 3 young (3072K), 3 survivors (3072K)
}
Event: 6819.595 {heap Before GC invocations=149 (full 11):
 garbage-first heap   total reserved 1536000K, committed 263168K, used 99326K [0x00000000a2400000, 0x0000000100000000)
  region size 1024K, 35 young (35840K), 3 survivors (3072K)
}
Event: 6821.199 {heap After GC invocations=150 (full 12):
 garbage-first heap   total reserved 1536000K, committed 188416K, used 51158K [0x00000000a2400000, 0x0000000100000000)
  region size 1024K, 0 young (0K), 0 survivors (0K)
}
Event: 6824.377 {heap Before GC invocations=150 (full 12):
 garbage-first heap   total reserved 1536000K, committed 188416K, used 153558K [0x00000000a2400000, 0x0000000100000000)
  region size 1024K, 100 young (102400K), 0 survivors (0K)
}
Event: 6824.399 {heap After GC invocations=151 (full 12):
 garbage-first heap   total reserved 1536000K, committed 188416K, used 58533K [0x00000000a2400000, 0x0000000100000000)
  region size 1024K, 8 young (8192K), 8 survivors (8192K)
}
Event: 6825.125 {heap Before GC invocations=152 (full 12):
 garbage-first heap   total reserved 1536000K, committed 188416K, used 155813K [0x00000000a2400000, 0x0000000100000000)
  region size 1024K, 103 young (105472K), 8 survivors (8192K)
}
Event: 6825.139 {heap After GC invocations=153 (full 12):
 garbage-first heap   total reserved 1536000K, committed 188416K, used 62012K [0x00000000a2400000, 0x0000000100000000)
  region size 1024K, 4 young (4096K), 4 survivors (4096K)
}
Event: 6825.269 {heap Before GC invocations=153 (full 12):
 garbage-first heap   total reserved 1536000K, committed 188416K, used 163388K [0x00000000a2400000, 0x0000000100000000)
  region size 1024K, 100 young (102400K), 4 survivors (4096K)
}
Event: 6825.284 {heap After GC invocations=154 (full 12):
 garbage-first heap   total reserved 1536000K, committed 188416K, used 71506K [0x00000000a2400000, 0x0000000100000000)
  region size 1024K, 13 young (13312K), 13 survivors (13312K)
}
Event: 6825.317 {heap Before GC invocations=154 (full 12):
 garbage-first heap   total reserved 1536000K, committed 188416K, used 87890K [0x00000000a2400000, 0x0000000100000000)
  region size 1024K, 31 young (31744K), 13 survivors (13312K)
}
Event: 6825.325 {heap After GC invocations=155 (full 12):
 garbage-first heap   total reserved 1536000K, committed 188416K, used 65197K [0x00000000a2400000, 0x0000000100000000)
  region size 1024K, 2 young (2048K), 2 survivors (2048K)
}
Event: 6825.518 {heap Before GC invocations=156 (full 12):
 garbage-first heap   total reserved 1536000K, committed 188416K, used 167597K [0x00000000a2400000, 0x0000000100000000)
  region size 1024K, 99 young (101376K), 2 survivors (2048K)
}
Event: 6825.528 {heap After GC invocations=157 (full 12):
 garbage-first heap   total reserved 1536000K, committed 188416K, used 75242K [0x00000000a2400000, 0x0000000100000000)
  region size 1024K, 13 young (13312K), 13 survivors (13312K)
}
Event: 7069.342 {heap Before GC invocations=157 (full 12):
 garbage-first heap   total reserved 1536000K, committed 188416K, used 160234K [0x00000000a2400000, 0x0000000100000000)
  region size 1024K, 96 young (98304K), 13 survivors (13312K)
}
Event: 7069.440 {heap After GC invocations=158 (full 12):
 garbage-first heap   total reserved 1536000K, committed 333824K, used 64271K [0x00000000a2400000, 0x0000000100000000)
  region size 1024K, 2 young (2048K), 2 survivors (2048K)
}
Event: 8137.394 {heap Before GC invocations=158 (full 12):
 garbage-first heap   total reserved 1536000K, committed 333824K, used 261903K [0x00000000a2400000, 0x0000000100000000)
  region size 1024K, 195 young (199680K), 2 survivors (2048K)
}
Event: 8137.544 {heap After GC invocations=159 (full 12):
 garbage-first heap   total reserved 1536000K, committed 333824K, used 64158K [0x00000000a2400000, 0x0000000100000000)
  region size 1024K, 2 young (2048K), 2 survivors (2048K)
}
Event: 8789.280 {heap Before GC invocations=160 (full 12):
 garbage-first heap   total reserved 1536000K, committed 225280K, used 197278K [0x00000000a2400000, 0x0000000100000000)
  region size 1024K, 132 young (135168K), 2 survivors (2048K)
}
Event: 8789.461 {heap After GC invocations=161 (full 12):
 garbage-first heap   total reserved 1536000K, committed 225280K, used 64571K [0x00000000a2400000, 0x0000000100000000)
  region size 1024K, 3 young (3072K), 3 survivors (3072K)
}

