# JRE version: OpenJDK Runtime Environment (25.0.1+8) (build 25.0.1+8-27)
# Java VM: OpenJDK 64-Bit Server VM (25.0.1+8-27, mixed mode, sharing, tiered, compressed oops, compressed class ptrs, g1 gc, windows-amd64)
GC Precious Log:
 CardTable entry size: 512
 Card Set container configuration: InlinePtr #cards 5 size 8 Array Of Cards #cards 10 size 36 Howl #buckets 4 coarsen threshold 1843 Howl Bitmap #cards 512 size 80 coarsen threshold 460 Card regions per heap region 1 cards per card region 2048
 CPUs: 12 total, 12 available
 Memory: 5996M
 Large Page Support: Disabled
 NUMA Support: Disabled
 Compressed Oops: Enabled (32-bit)
 Heap Region Size: 1M
 Heap Min Capacity: 8M
 Heap Initial Capacity: 94M
 Heap Max Capacity: 1500M
 Pre-touch: Disabled
 Parallel Workers: 10
 Concurrent Workers: 3
 Concurrent Refinement Workers: 10
 Periodic GC: Disabled
Heap:
 garbage-first heap   total reserved 1536000K, committed 150528K, used 75947K [0x00000000a2400000, 0x0000000100000000)
  region size 1024K, 34 young (34816K), 0 survivors (0K)
GC Heap Usage History (20 events):
Event: 8.643 {heap Before GC invocations=31 (full 0):
 garbage-first heap   total reserved 1536000K, committed 296960K, used 216126K [0x00000000a2400000, 0x0000000100000000)
  region size 1024K, 152 young (155648K), 3 survivors (3072K)
}
Event: 8.650 {heap After GC invocations=32 (full 0):
 garbage-first heap   total reserved 1536000K, committed 296960K, used 69954K [0x00000000a2400000, 0x0000000100000000)
  region size 1024K, 8 young (8192K), 8 survivors (8192K)
}
Event: 8.970 {heap Before GC invocations=33 (full 0):
 garbage-first heap   total reserved 1536000K, committed 222208K, used 193858K [0x00000000a2400000, 0x0000000100000000)
  region size 1024K, 130 young (133120K), 8 survivors (8192K)
}
Event: 8.978 {heap After GC invocations=34 (full 0):
 garbage-first heap   total reserved 1536000K, committed 222208K, used 68228K [0x00000000a2400000, 0x0000000100000000)
  region size 1024K, 10 young (10240K), 10 survivors (10240K)
}
Event: 9.462 {heap Before GC invocations=34 (full 0):
 garbage-first heap   total reserved 1536000K, committed 222208K, used 192132K [0x00000000a2400000, 0x0000000100000000)
  region size 1024K, 130 young (133120K), 10 survivors (10240K)
}
Event: 9.467 {heap After GC invocations=35 (full 0):
 garbage-first heap   total reserved 1536000K, committed 222208K, used 61260K [0x00000000a2400000, 0x0000000100000000)
  region size 1024K, 9 young (9216K), 9 survivors (9216K)
}
Event: 277.241 {heap Before GC invocations=35 (full 0):
 garbage-first heap   total reserved 1536000K, committed 222208K, used 147276K [0x00000000a2400000, 0x0000000100000000)
  region size 1024K, 95 young (97280K), 9 survivors (9216K)
}
Event: 277.657 {heap After GC invocations=36 (full 1):
 garbage-first heap   total reserved 1536000K, committed 150528K, used 41467K [0x00000000a2400000, 0x0000000100000000)
  region size 1024K, 0 young (0K), 0 survivors (0K)
}
Event: 280.597 {heap Before GC invocations=36 (full 1):
 garbage-first heap   total reserved 1536000K, committed 150528K, used 130555K [0x00000000a2400000, 0x0000000100000000)
  region size 1024K, 88 young (90112K), 0 survivors (0K)
}
Event: 280.629 {heap After GC invocations=37 (full 1):
 garbage-first heap   total reserved 1536000K, committed 150528K, used 48635K [0x00000000a2400000, 0x0000000100000000)
  region size 1024K, 7 young (7168K), 7 survivors (7168K)
}
Event: 281.492 {heap Before GC invocations=38 (full 1):
 garbage-first heap   total reserved 1536000K, committed 150528K, used 131579K [0x00000000a2400000, 0x0000000100000000)
  region size 1024K, 88 young (90112K), 7 survivors (7168K)
}
Event: 281.510 {heap After GC invocations=39 (full 1):
 garbage-first heap   total reserved 1536000K, committed 150528K, used 52285K [0x00000000a2400000, 0x0000000100000000)
  region size 1024K, 5 young (5120K), 5 survivors (5120K)
}
Event: 281.826 {heap Before GC invocations=39 (full 1):
 garbage-first heap   total reserved 1536000K, committed 150528K, used 135229K [0x00000000a2400000, 0x0000000100000000)
  region size 1024K, 83 young (84992K), 5 survivors (5120K)
}
Event: 281.835 {heap After GC invocations=40 (full 1):
 garbage-first heap   total reserved 1536000K, committed 153600K, used 58991K [0x00000000a2400000, 0x0000000100000000)
  region size 1024K, 11 young (11264K), 11 survivors (11264K)
}
Event: 281.974 {heap Before GC invocations=40 (full 1):
 garbage-first heap   total reserved 1536000K, committed 153600K, used 86639K [0x00000000a2400000, 0x0000000100000000)
  region size 1024K, 40 young (40960K), 11 survivors (11264K)
}
Event: 281.979 {heap After GC invocations=41 (full 1):
 garbage-first heap   total reserved 1536000K, committed 193536K, used 55216K [0x00000000a2400000, 0x0000000100000000)
  region size 1024K, 2 young (2048K), 2 survivors (2048K)
}
Event: 282.449 {heap Before GC invocations=42 (full 1):
 garbage-first heap   total reserved 1536000K, committed 193536K, used 171952K [0x00000000a2400000, 0x0000000100000000)
  region size 1024K, 113 young (115712K), 2 survivors (2048K)
}
Event: 282.451 {heap After GC invocations=43 (full 1):
 garbage-first heap   total reserved 1536000K, committed 193536K, used 53212K [0x00000000a2400000, 0x0000000100000000)
  region size 1024K, 1 young (1024K), 1 survivors (1024K)
}
Event: 352.825 {heap Before GC invocations=43 (full 1):
 garbage-first heap   total reserved 1536000K, committed 193536K, used 83932K [0x00000000a2400000, 0x0000000100000000)
  region size 1024K, 32 young (32768K), 1 survivors (1024K)
}
Event: 353.510 {heap After GC invocations=44 (full 2):
 garbage-first heap   total reserved 1536000K, committed 150528K, used 42155K [0x00000000a2400000, 0x0000000100000000)
  region size 1024K, 0 young (0K), 0 survivors (0K)
}

