# JRE version: OpenJDK Runtime Environment Temurin-21.0.9+10 (21.0.9+10) (build 21.0.9+10-LTS)
# Java VM: OpenJDK 64-Bit Server VM Temurin-21.0.9+10 (21.0.9+10-LTS, mixed mode, sharing, tiered, compressed oops, compressed class ptrs, parallel gc, windows-amd64)
GC Precious Log:
 CardTable entry size: 512
 CPUs: 12 total, 12 available
 Memory: 5996M
 Large Page Support: Disabled
 NUMA Support: Disabled
 Compressed Oops: Enabled (32-bit)
 Alignments: Space 512K, Generation 512K, Heap 2M
 Heap Min Capacity: 100M
 Heap Initial Capacity: 100M
 Heap Max Capacity: 2G
 Pre-touch: Disabled
 Parallel Workers: 10
Heap:
 PSYoungGen      total 21504K, used 16520K [0x00000000d5580000, 0x00000000d6c80000, 0x0000000100000000)
  eden space 19456K, 75% used [0x00000000d5580000,0x00000000d63e22d8,0x00000000d6880000)
  from space 2048K, 87% used [0x00000000d6880000,0x00000000d6a40000,0x00000000d6a80000)
  to   space 2048K, 0% used [0x00000000d6a80000,0x00000000d6a80000,0x00000000d6c80000)
 ParOldGen       total 68608K, used 39275K [0x0000000080000000, 0x0000000084300000, 0x00000000d5580000)
  object space 68608K, 57% used [0x0000000080000000,0x000000008265ad68,0x0000000084300000)
 Metaspace       used 50399K, committed 51712K, reserved 1114112K
  class space    used 5496K, committed 6080K, reserved 1048576K
GC Heap History (20 events):
Event: 16.730 GC heap before
{Heap before GC invocations=22 (full 2):
 PSYoungGen      total 22016K, used 21824K [0x00000000d5580000, 0x00000000d6e00000, 0x0000000100000000)
  eden space 20992K, 100% used [0x00000000d5580000,0x00000000d6a00000,0x00000000d6a00000)
  from space 1024K, 81% used [0x00000000d6a00000,0x00000000d6ad0000,0x00000000d6b00000)
  to   space 2048K, 0% used [0x00000000d6c00000,0x00000000d6c00000,0x00000000d6e00000)
 ParOldGen       total 68608K, used 26089K [0x0000000080000000, 0x0000000084300000, 0x00000000d5580000)
  object space 68608K, 38% used [0x0000000080000000,0x000000008197a778,0x0000000084300000)
 Metaspace       used 46839K, committed 48064K, reserved 1114112K
  class space    used 5109K, committed 5632K, reserved 1048576K
}
Event: 16.732 GC heap after
{Heap after GC invocations=22 (full 2):
 PSYoungGen      total 21504K, used 160K [0x00000000d5580000, 0x00000000d6c80000, 0x0000000100000000)
  eden space 20992K, 0% used [0x00000000d5580000,0x00000000d5580000,0x00000000d6a00000)
  from space 512K, 31% used [0x00000000d6c00000,0x00000000d6c28000,0x00000000d6c80000)
  to   space 1024K, 0% used [0x00000000d6a80000,0x00000000d6a80000,0x00000000d6b80000)
 ParOldGen       total 68608K, used 26767K [0x0000000080000000, 0x0000000084300000, 0x00000000d5580000)
  object space 68608K, 39% used [0x0000000080000000,0x0000000081a23ed8,0x0000000084300000)
 Metaspace       used 46839K, committed 48064K, reserved 1114112K
  class space    used 5109K, committed 5632K, reserved 1048576K
}
Event: 18.032 GC heap before
{Heap before GC invocations=23 (full 2):
 PSYoungGen      total 21504K, used 21152K [0x00000000d5580000, 0x00000000d6c80000, 0x0000000100000000)
  eden space 20992K, 100% used [0x00000000d5580000,0x00000000d6a00000,0x00000000d6a00000)
  from space 512K, 31% used [0x00000000d6c00000,0x00000000d6c28000,0x00000000d6c80000)
  to   space 1024K, 0% used [0x00000000d6a80000,0x00000000d6a80000,0x00000000d6b80000)
 ParOldGen       total 68608K, used 26767K [0x0000000080000000, 0x0000000084300000, 0x00000000d5580000)
  object space 68608K, 39% used [0x0000000080000000,0x0000000081a23ed8,0x0000000084300000)
 Metaspace       used 46987K, committed 48192K, reserved 1114112K
  class space    used 5132K, committed 5632K, reserved 1048576K
}
Event: 18.034 GC heap after
{Heap after GC invocations=23 (full 2):
 PSYoungGen      total 22016K, used 512K [0x00000000d5580000, 0x00000000d6c80000, 0x0000000100000000)
  eden space 20992K, 0% used [0x00000000d5580000,0x00000000d5580000,0x00000000d6a00000)
  from space 1024K, 50% used [0x00000000d6a80000,0x00000000d6b00000,0x00000000d6b80000)
  to   space 1024K, 0% used [0x00000000d6b80000,0x00000000d6b80000,0x00000000d6c80000)
 ParOldGen       total 68608K, used 26807K [0x0000000080000000, 0x0000000084300000, 0x00000000d5580000)
  object space 68608K, 39% used [0x0000000080000000,0x0000000081a2ded8,0x0000000084300000)
 Metaspace       used 46987K, committed 48192K, reserved 1114112K
  class space    used 5132K, committed 5632K, reserved 1048576K
}
Event: 23.560 GC heap before
{Heap before GC invocations=24 (full 2):
 PSYoungGen      total 22016K, used 21496K [0x00000000d5580000, 0x00000000d6c80000, 0x0000000100000000)
  eden space 20992K, 99% used [0x00000000d5580000,0x00000000d69fe1b8,0x00000000d6a00000)
  from space 1024K, 50% used [0x00000000d6a80000,0x00000000d6b00000,0x00000000d6b80000)
  to   space 1024K, 0% used [0x00000000d6b80000,0x00000000d6b80000,0x00000000d6c80000)
 ParOldGen       total 68608K, used 26807K [0x0000000080000000, 0x0000000084300000, 0x00000000d5580000)
  object space 68608K, 39% used [0x0000000080000000,0x0000000081a2ded8,0x0000000084300000)
 Metaspace       used 48076K, committed 49280K, reserved 1114112K
  class space    used 5230K, committed 5760K, reserved 1048576K
}
Event: 23.563 GC heap after
{Heap after GC invocations=24 (full 2):
 PSYoungGen      total 22016K, used 920K [0x00000000d5580000, 0x00000000d6c80000, 0x0000000100000000)
  eden space 20992K, 0% used [0x00000000d5580000,0x00000000d5580000,0x00000000d6a00000)
  from space 1024K, 89% used [0x00000000d6b80000,0x00000000d6c661c8,0x00000000d6c80000)
  to   space 1024K, 0% used [0x00000000d6a80000,0x00000000d6a80000,0x00000000d6b80000)
 ParOldGen       total 68608K, used 27087K [0x0000000080000000, 0x0000000084300000, 0x00000000d5580000)
  object space 68608K, 39% used [0x0000000080000000,0x0000000081a73ed8,0x0000000084300000)
 Metaspace       used 48076K, committed 49280K, reserved 1114112K
  class space    used 5230K, committed 5760K, reserved 1048576K
}
Event: 24.068 GC heap before
{Heap before GC invocations=25 (full 2):
 PSYoungGen      total 22016K, used 21912K [0x00000000d5580000, 0x00000000d6c80000, 0x0000000100000000)
  eden space 20992K, 100% used [0x00000000d5580000,0x00000000d6a00000,0x00000000d6a00000)
  from space 1024K, 89% used [0x00000000d6b80000,0x00000000d6c661c8,0x00000000d6c80000)
  to   space 1024K, 0% used [0x00000000d6a80000,0x00000000d6a80000,0x00000000d6b80000)
 ParOldGen       total 68608K, used 27087K [0x0000000080000000, 0x0000000084300000, 0x00000000d5580000)
  object space 68608K, 39% used [0x0000000080000000,0x0000000081a73ed8,0x0000000084300000)
 Metaspace       used 48714K, committed 50048K, reserved 1114112K
  class space    used 5285K, committed 5888K, reserved 1048576K
}
Event: 24.122 GC heap after
{Heap after GC invocations=25 (full 2):
 PSYoungGen      total 22016K, used 992K [0x00000000d5580000, 0x00000000d7000000, 0x0000000100000000)
  eden space 20992K, 0% used [0x00000000d5580000,0x00000000d5580000,0x00000000d6a00000)
  from space 1024K, 96% used [0x00000000d6a80000,0x00000000d6b78010,0x00000000d6b80000)
  to   space 3072K, 0% used [0x00000000d6d00000,0x00000000d6d00000,0x00000000d7000000)
 ParOldGen       total 68608K, used 28728K [0x0000000080000000, 0x0000000084300000, 0x00000000d5580000)
  object space 68608K, 41% used [0x0000000080000000,0x0000000081c0e348,0x0000000084300000)
 Metaspace       used 48714K, committed 50048K, reserved 1114112K
  class space    used 5285K, committed 5888K, reserved 1048576K
}
Event: 26.627 GC heap before
{Heap before GC invocations=26 (full 2):
 PSYoungGen      total 22016K, used 21984K [0x00000000d5580000, 0x00000000d7000000, 0x0000000100000000)
  eden space 20992K, 100% used [0x00000000d5580000,0x00000000d6a00000,0x00000000d6a00000)
  from space 1024K, 96% used [0x00000000d6a80000,0x00000000d6b78010,0x00000000d6b80000)
  to   space 3072K, 0% used [0x00000000d6d00000,0x00000000d6d00000,0x00000000d7000000)
 ParOldGen       total 68608K, used 28728K [0x0000000080000000, 0x0000000084300000, 0x00000000d5580000)
  object space 68608K, 41% used [0x0000000080000000,0x0000000081c0e348,0x0000000084300000)
 Metaspace       used 49049K, committed 50368K, reserved 1114112K
  class space    used 5338K, committed 5888K, reserved 1048576K
}
Event: 26.631 GC heap after
{Heap after GC invocations=26 (full 2):
 PSYoungGen      total 23552K, used 2242K [0x00000000d5580000, 0x00000000d6f80000, 0x0000000100000000)
  eden space 20992K, 0% used [0x00000000d5580000,0x00000000d5580000,0x00000000d6a00000)
  from space 2560K, 87% used [0x00000000d6d00000,0x00000000d6f30820,0x00000000d6f80000)
  to   space 2560K, 0% used [0x00000000d6a80000,0x00000000d6a80000,0x00000000d6d00000)
 ParOldGen       total 68608K, used 29680K [0x0000000080000000, 0x0000000084300000, 0x00000000d5580000)
  object space 68608K, 43% used [0x0000000080000000,0x0000000081cfc358,0x0000000084300000)
 Metaspace       used 49049K, committed 50368K, reserved 1114112K
  class space    used 5338K, committed 5888K, reserved 1048576K
}
Event: 26.684 GC heap before
{Heap before GC invocations=27 (full 2):
 PSYoungGen      total 23552K, used 23234K [0x00000000d5580000, 0x00000000d6f80000, 0x0000000100000000)
  eden space 20992K, 100% used [0x00000000d5580000,0x00000000d6a00000,0x00000000d6a00000)
  from space 2560K, 87% used [0x00000000d6d00000,0x00000000d6f30820,0x00000000d6f80000)
  to   space 2560K, 0% used [0x00000000d6a80000,0x00000000d6a80000,0x00000000d6d00000)
 ParOldGen       total 68608K, used 29680K [0x0000000080000000, 0x0000000084300000, 0x00000000d5580000)
  object space 68608K, 43% used [0x0000000080000000,0x0000000081cfc358,0x0000000084300000)
 Metaspace       used 49064K, committed 50368K, reserved 1114112K
  class space    used 5338K, committed 5888K, reserved 1048576K
}
Event: 26.689 GC heap after
{Heap after GC invocations=27 (full 2):
 PSYoungGen      total 23552K, used 2080K [0x00000000d5580000, 0x00000000d6f00000, 0x0000000100000000)
  eden space 20992K, 0% used [0x00000000d5580000,0x00000000d5580000,0x00000000d6a00000)
  from space 2560K, 81% used [0x00000000d6a80000,0x00000000d6c88010,0x00000000d6d00000)
  to   space 2048K, 0% used [0x00000000d6d00000,0x00000000d6d00000,0x00000000d6f00000)
 ParOldGen       total 68608K, used 31766K [0x0000000080000000, 0x0000000084300000, 0x00000000d5580000)
  object space 68608K, 46% used [0x0000000080000000,0x0000000081f05b68,0x0000000084300000)
 Metaspace       used 49064K, committed 50368K, reserved 1114112K
  class space    used 5338K, committed 5888K, reserved 1048576K
}
Event: 26.765 GC heap before
{Heap before GC invocations=28 (full 2):
 PSYoungGen      total 23552K, used 23072K [0x00000000d5580000, 0x00000000d6f00000, 0x0000000100000000)
  eden space 20992K, 100% used [0x00000000d5580000,0x00000000d6a00000,0x00000000d6a00000)
  from space 2560K, 81% used [0x00000000d6a80000,0x00000000d6c88010,0x00000000d6d00000)
  to   space 2048K, 0% used [0x00000000d6d00000,0x00000000d6d00000,0x00000000d6f00000)
 ParOldGen       total 68608K, used 31766K [0x0000000080000000, 0x0000000084300000, 0x00000000d5580000)
  object space 68608K, 46% used [0x0000000080000000,0x0000000081f05b68,0x0000000084300000)
 Metaspace       used 49082K, committed 50368K, reserved 1114112K
  class space    used 5338K, committed 5888K, reserved 1048576K
}
Event: 26.769 GC heap after
{Heap after GC invocations=28 (full 2):
 PSYoungGen      total 21504K, used 2020K [0x00000000d5580000, 0x00000000d7300000, 0x0000000100000000)
  eden space 19456K, 0% used [0x00000000d5580000,0x00000000d5580000,0x00000000d6880000)
  from space 2048K, 98% used [0x00000000d6d00000,0x00000000d6ef9000,0x00000000d6f00000)
  to   space 4608K, 0% used [0x00000000d6880000,0x00000000d6880000,0x00000000d6d00000)
 ParOldGen       total 68608K, used 33774K [0x0000000080000000, 0x0000000084300000, 0x00000000d5580000)
  object space 68608K, 49% used [0x0000000080000000,0x00000000820fbb78,0x0000000084300000)
 Metaspace       used 49082K, committed 50368K, reserved 1114112K
  class space    used 5338K, committed 5888K, reserved 1048576K
}
Event: 26.817 GC heap before
{Heap before GC invocations=29 (full 2):
 PSYoungGen      total 21504K, used 21476K [0x00000000d5580000, 0x00000000d7300000, 0x0000000100000000)
  eden space 19456K, 100% used [0x00000000d5580000,0x00000000d6880000,0x00000000d6880000)
  from space 2048K, 98% used [0x00000000d6d00000,0x00000000d6ef9000,0x00000000d6f00000)
  to   space 4608K, 0% used [0x00000000d6880000,0x00000000d6880000,0x00000000d6d00000)
 ParOldGen       total 68608K, used 33774K [0x0000000080000000, 0x0000000084300000, 0x00000000d5580000)
  object space 68608K, 49% used [0x0000000080000000,0x00000000820fbb78,0x0000000084300000)
 Metaspace       used 49089K, committed 50432K, reserved 1114112K
  class space    used 5338K, committed 5888K, reserved 1048576K
}
Event: 26.821 GC heap after
{Heap after GC invocations=29 (full 2):
 PSYoungGen      total 21504K, used 1728K [0x00000000d5580000, 0x00000000d6e80000, 0x0000000100000000)
  eden space 19456K, 0% used [0x00000000d5580000,0x00000000d5580000,0x00000000d6880000)
  from space 2048K, 84% used [0x00000000d6880000,0x00000000d6a30000,0x00000000d6a80000)
  to   space 3072K, 0% used [0x00000000d6b80000,0x00000000d6b80000,0x00000000d6e80000)
 ParOldGen       total 68608K, used 35819K [0x0000000080000000, 0x0000000084300000, 0x00000000d5580000)
  object space 68608K, 52% used [0x0000000080000000,0x00000000822fad58,0x0000000084300000)
 Metaspace       used 49089K, committed 50432K, reserved 1114112K
  class space    used 5338K, committed 5888K, reserved 1048576K
}
Event: 26.906 GC heap before
{Heap before GC invocations=30 (full 2):
 PSYoungGen      total 21504K, used 21184K [0x00000000d5580000, 0x00000000d6e80000, 0x0000000100000000)
  eden space 19456K, 100% used [0x00000000d5580000,0x00000000d6880000,0x00000000d6880000)
  from space 2048K, 84% used [0x00000000d6880000,0x00000000d6a30000,0x00000000d6a80000)
  to   space 3072K, 0% used [0x00000000d6b80000,0x00000000d6b80000,0x00000000d6e80000)
 ParOldGen       total 68608K, used 35819K [0x0000000080000000, 0x0000000084300000, 0x00000000d5580000)
  object space 68608K, 52% used [0x0000000080000000,0x00000000822fad58,0x0000000084300000)
 Metaspace       used 49137K, committed 50496K, reserved 1114112K
  class space    used 5340K, committed 5952K, reserved 1048576K
}
Event: 26.911 GC heap after
{Heap after GC invocations=30 (full 2):
 PSYoungGen      total 21504K, used 1952K [0x00000000d5580000, 0x00000000d6d80000, 0x0000000100000000)
  eden space 19456K, 0% used [0x00000000d5580000,0x00000000d5580000,0x00000000d6880000)
  from space 2048K, 95% used [0x00000000d6b80000,0x00000000d6d68010,0x00000000d6d80000)
  to   space 2048K, 0% used [0x00000000d6880000,0x00000000d6880000,0x00000000d6a80000)
 ParOldGen       total 68608K, used 37435K [0x0000000080000000, 0x0000000084300000, 0x00000000d5580000)
  object space 68608K, 54% used [0x0000000080000000,0x000000008248ed58,0x0000000084300000)
 Metaspace       used 49137K, committed 50496K, reserved 1114112K
  class space    used 5340K, committed 5952K, reserved 1048576K
}
Event: 26.986 GC heap before
{Heap before GC invocations=31 (full 2):
 PSYoungGen      total 21504K, used 21408K [0x00000000d5580000, 0x00000000d6d80000, 0x0000000100000000)
  eden space 19456K, 100% used [0x00000000d5580000,0x00000000d6880000,0x00000000d6880000)
  from space 2048K, 95% used [0x00000000d6b80000,0x00000000d6d68010,0x00000000d6d80000)
  to   space 2048K, 0% used [0x00000000d6880000,0x00000000d6880000,0x00000000d6a80000)
 ParOldGen       total 68608K, used 37435K [0x0000000080000000, 0x0000000084300000, 0x00000000d5580000)
  object space 68608K, 54% used [0x0000000080000000,0x000000008248ed58,0x0000000084300000)
 Metaspace       used 49199K, committed 50560K, reserved 1114112K
  class space    used 5342K, committed 5952K, reserved 1048576K
}
Event: 26.990 GC heap after
{Heap after GC invocations=31 (full 2):
 PSYoungGen      total 21504K, used 1792K [0x00000000d5580000, 0x00000000d6c80000, 0x0000000100000000)
  eden space 19456K, 0% used [0x00000000d5580000,0x00000000d5580000,0x00000000d6880000)
  from space 2048K, 87% used [0x00000000d6880000,0x00000000d6a40000,0x00000000d6a80000)
  to   space 2048K, 0% used [0x00000000d6a80000,0x00000000d6a80000,0x00000000d6c80000)
 ParOldGen       total 68608K, used 39275K [0x0000000080000000, 0x0000000084300000, 0x00000000d5580000)
  object space 68608K, 57% used [0x0000000080000000,0x000000008265ad68,0x0000000084300000)
 Metaspace       used 49199K, committed 50560K, reserved 1114112K
  class space    used 5342K, committed 5952K, reserved 1048576K
}

