# JRE version: OpenJDK Runtime Environment (25.0.1+8) (build 25.0.1+8-27)
# Java VM: OpenJDK 64-Bit Server VM (25.0.1+8-27, mixed mode, sharing, tiered, compressed oops, compressed class ptrs, g1 gc, windows-amd64)
GC Precious Log:
 CardTable entry size: 512
 Card Set container configuration: InlinePtr #cards 5 size 8 Array Of Cards #cards 10 size 36 Howl #buckets 4 coarsen threshold 1843 Howl Bitmap #cards 512 size 80 coarsen threshold 460 Card regions per heap region 1 cards per card region 2048
 CPUs: 12 total, 12 available
 Memory: 5996M
 Large Page Support: Disabled
 NUMA Support: Disabled
 Compressed Oops: Enabled (32-bit)
 Heap Region Size: 1M
 Heap Min Capacity: 8M
 Heap Initial Capacity: 94M
 Heap Max Capacity: 1500M
 Pre-touch: Disabled
 Parallel Workers: 10
 Concurrent Workers: 3
 Concurrent Refinement Workers: 10
 Periodic GC: Disabled
Heap:
 garbage-first heap   total reserved 1536000K, committed 204800K, used 138432K [0x00000000a2400000, 0x0000000100000000)
  region size 1024K, 73 young (74752K), 11 survivors (11264K)
GC Heap Usage History (20 events):
Event: 9.764 {heap Before GC invocations=24 (full 0):
 garbage-first heap   total reserved 1536000K, committed 78848K, used 67967K [0x00000000a2400000, 0x0000000100000000)
  region size 1024K, 18 young (18432K), 3 survivors (3072K)
}
Event: 9.768 {heap After GC invocations=25 (full 0):
 garbage-first heap   total reserved 1536000K, committed 132096K, used 54127K [0x00000000a2400000, 0x0000000100000000)
  region size 1024K, 2 young (2048K), 2 survivors (2048K)
}
Event: 9.963 {heap Before GC invocations=25 (full 0):
 garbage-first heap   total reserved 1536000K, committed 132096K, used 100207K [0x00000000a2400000, 0x0000000100000000)
  region size 1024K, 47 young (48128K), 2 survivors (2048K)
}
Event: 9.968 {heap After GC invocations=26 (full 0):
 garbage-first heap   total reserved 1536000K, committed 132096K, used 58264K [0x00000000a2400000, 0x0000000100000000)
  region size 1024K, 6 young (6144K), 6 survivors (6144K)
}
Event: 10.127 {heap Before GC invocations=26 (full 0):
 garbage-first heap   total reserved 1536000K, committed 132096K, used 104344K [0x00000000a2400000, 0x0000000100000000)
  region size 1024K, 51 young (52224K), 6 survivors (6144K)
}
Event: 10.131 {heap After GC invocations=27 (full 0):
 garbage-first heap   total reserved 1536000K, committed 132096K, used 56348K [0x00000000a2400000, 0x0000000100000000)
  region size 1024K, 3 young (3072K), 3 survivors (3072K)
}
Event: 10.208 {heap Before GC invocations=27 (full 0):
 garbage-first heap   total reserved 1536000K, committed 132096K, used 106524K [0x00000000a2400000, 0x0000000100000000)
  region size 1024K, 52 young (53248K), 3 survivors (3072K)
}
Event: 10.210 {heap After GC invocations=28 (full 0):
 garbage-first heap   total reserved 1536000K, committed 132096K, used 56488K [0x00000000a2400000, 0x0000000100000000)
  region size 1024K, 3 young (3072K), 3 survivors (3072K)
}
Event: 10.295 {heap Before GC invocations=29 (full 0):
 garbage-first heap   total reserved 1536000K, committed 132096K, used 109736K [0x00000000a2400000, 0x0000000100000000)
  region size 1024K, 57 young (58368K), 3 survivors (3072K)
}
Event: 10.302 {heap After GC invocations=30 (full 0):
 garbage-first heap   total reserved 1536000K, committed 132096K, used 60571K [0x00000000a2400000, 0x0000000100000000)
  region size 1024K, 8 young (8192K), 8 survivors (8192K)
}
Event: 10.374 {heap Before GC invocations=30 (full 0):
 garbage-first heap   total reserved 1536000K, committed 132096K, used 109723K [0x00000000a2400000, 0x0000000100000000)
  region size 1024K, 56 young (57344K), 8 survivors (8192K)
}
Event: 10.380 {heap After GC invocations=31 (full 0):
 garbage-first heap   total reserved 1536000K, committed 219136K, used 53813K [0x00000000a2400000, 0x0000000100000000)
  region size 1024K, 1 young (1024K), 1 survivors (1024K)
}
Event: 10.895 {heap Before GC invocations=31 (full 0):
 garbage-first heap   total reserved 1536000K, committed 219136K, used 183861K [0x00000000a2400000, 0x0000000100000000)
  region size 1024K, 128 young (131072K), 1 survivors (1024K)
}
Event: 10.898 {heap After GC invocations=32 (full 0):
 garbage-first heap   total reserved 1536000K, committed 219136K, used 55165K [0x00000000a2400000, 0x0000000100000000)
  region size 1024K, 3 young (3072K), 3 survivors (3072K)
}
Event: 11.703 {heap Before GC invocations=32 (full 0):
 garbage-first heap   total reserved 1536000K, committed 219136K, used 180093K [0x00000000a2400000, 0x0000000100000000)
  region size 1024K, 126 young (129024K), 3 survivors (3072K)
}
Event: 11.709 {heap After GC invocations=33 (full 0):
 garbage-first heap   total reserved 1536000K, committed 219136K, used 59655K [0x00000000a2400000, 0x0000000100000000)
  region size 1024K, 7 young (7168K), 7 survivors (7168K)
}
Event: 11.944 {heap Before GC invocations=34 (full 0):
 garbage-first heap   total reserved 1536000K, committed 201728K, used 174343K [0x00000000a2400000, 0x0000000100000000)
  region size 1024K, 118 young (120832K), 7 survivors (7168K)
}
Event: 11.959 {heap After GC invocations=35 (full 0):
 garbage-first heap   total reserved 1536000K, committed 201728K, used 69879K [0x00000000a2400000, 0x0000000100000000)
  region size 1024K, 15 young (15360K), 15 survivors (15360K)
}
Event: 12.114 {heap Before GC invocations=35 (full 0):
 garbage-first heap   total reserved 1536000K, committed 201728K, used 178423K [0x00000000a2400000, 0x0000000100000000)
  region size 1024K, 118 young (120832K), 15 survivors (15360K)
}
Event: 12.132 {heap After GC invocations=36 (full 0):
 garbage-first heap   total reserved 1536000K, committed 204800K, used 75968K [0x00000000a2400000, 0x0000000100000000)
  region size 1024K, 11 young (11264K), 11 survivors (11264K)
}

