# JRE version: OpenJDK Runtime Environment Temurin-21.0.9+10 (21.0.9+10) (build 21.0.9+10-LTS)
# Java VM: OpenJDK 64-Bit Server VM Temurin-21.0.9+10 (21.0.9+10-LTS, mixed mode, sharing, tiered, compressed oops, compressed class ptrs, parallel gc, windows-amd64)
GC Precious Log:
 CardTable entry size: 512
 CPUs: 12 total, 12 available
 Memory: 5996M
 Large Page Support: Disabled
 NUMA Support: Disabled
 Compressed Oops: Enabled (32-bit)
 Alignments: Space 512K, Generation 512K, Heap 2M
 Heap Min Capacity: 100M
 Heap Initial Capacity: 100M
 Heap Max Capacity: 2G
 Pre-touch: Disabled
 Parallel Workers: 10
Heap:
 PSYoungGen      total 7168K, used 724K [0x00000000d5580000, 0x00000000d5f00000, 0x0000000100000000)
  eden space 6656K, 3% used [0x00000000d5580000,0x00000000d55b5238,0x00000000d5c00000)
  from space 512K, 100% used [0x00000000d5e00000,0x00000000d5e80000,0x00000000d5e80000)
  to   space 1536K, 0% used [0x00000000d5c00000,0x00000000d5c00000,0x00000000d5d80000)
 ParOldGen       total 1133568K, used 385113K [0x0000000080000000, 0x00000000c5300000, 0x00000000d5580000)
  object space 1133568K, 33% used [0x0000000080000000,0x00000000978167d0,0x00000000c5300000)
 Metaspace       used 84005K, committed 85824K, reserved 1179648K
  class space    used 8404K, committed 9216K, reserved 1048576K
GC Heap History (20 events):
Event: 5010.238 GC heap before
{Heap before GC invocations=880 (full 5):
 PSYoungGen      total 6656K, used 6656K [0x00000000d5580000, 0x00000000d5f00000, 0x0000000100000000)
  eden space 6144K, 100% used [0x00000000d5580000,0x00000000d5b80000,0x00000000d5b80000)
  from space 512K, 100% used [0x00000000d5e80000,0x00000000d5f00000,0x00000000d5f00000)
  to   space 1536K, 0% used [0x00000000d5c00000,0x00000000d5c00000,0x00000000d5d80000)
 ParOldGen       total 1133568K, used 377850K [0x0000000080000000, 0x00000000c5300000, 0x00000000d5580000)
  object space 1133568K, 33% used [0x0000000080000000,0x00000000970fea18,0x00000000c5300000)
 Metaspace       used 83966K, committed 85824K, reserved 1179648K
  class space    used 8404K, committed 9216K, reserved 1048576K
}
Event: 5010.242 GC heap after
{Heap after GC invocations=880 (full 5):
 PSYoungGen      total 7680K, used 1024K [0x00000000d5580000, 0x00000000d5f00000, 0x0000000100000000)
  eden space 6144K, 0% used [0x00000000d5580000,0x00000000d5580000,0x00000000d5b80000)
  from space 1536K, 66% used [0x00000000d5c00000,0x00000000d5d00000,0x00000000d5d80000)
  to   space 1536K, 0% used [0x00000000d5d80000,0x00000000d5d80000,0x00000000d5f00000)
 ParOldGen       total 1133568K, used 378322K [0x0000000080000000, 0x00000000c5300000, 0x00000000d5580000)
  object space 1133568K, 33% used [0x0000000080000000,0x0000000097174a18,0x00000000c5300000)
 Metaspace       used 83966K, committed 85824K, reserved 1179648K
  class space    used 8404K, committed 9216K, reserved 1048576K
}
Event: 5010.279 GC heap before
{Heap before GC invocations=881 (full 5):
 PSYoungGen      total 7680K, used 7168K [0x00000000d5580000, 0x00000000d5f00000, 0x0000000100000000)
  eden space 6144K, 100% used [0x00000000d5580000,0x00000000d5b80000,0x00000000d5b80000)
  from space 1536K, 66% used [0x00000000d5c00000,0x00000000d5d00000,0x00000000d5d80000)
  to   space 1536K, 0% used [0x00000000d5d80000,0x00000000d5d80000,0x00000000d5f00000)
 ParOldGen       total 1133568K, used 378322K [0x0000000080000000, 0x00000000c5300000, 0x00000000d5580000)
  object space 1133568K, 33% used [0x0000000080000000,0x0000000097174a18,0x00000000c5300000)
 Metaspace       used 83969K, committed 85824K, reserved 1179648K
  class space    used 8404K, committed 9216K, reserved 1048576K
}
Event: 5010.325 GC heap after
{Heap after GC invocations=881 (full 5):
 PSYoungGen      total 8192K, used 1073K [0x00000000d5580000, 0x00000000d6000000, 0x0000000100000000)
  eden space 6656K, 0% used [0x00000000d5580000,0x00000000d5580000,0x00000000d5c00000)
  from space 1536K, 69% used [0x00000000d5d80000,0x00000000d5e8c6d0,0x00000000d5f00000)
  to   space 1536K, 0% used [0x00000000d5c00000,0x00000000d5c00000,0x00000000d5d80000)
 ParOldGen       total 1133568K, used 379002K [0x0000000080000000, 0x00000000c5300000, 0x00000000d5580000)
  object space 1133568K, 33% used [0x0000000080000000,0x000000009721ea18,0x00000000c5300000)
 Metaspace       used 83969K, committed 85824K, reserved 1179648K
  class space    used 8404K, committed 9216K, reserved 1048576K
}
Event: 5010.387 GC heap before
{Heap before GC invocations=882 (full 5):
 PSYoungGen      total 8192K, used 7729K [0x00000000d5580000, 0x00000000d6000000, 0x0000000100000000)
  eden space 6656K, 100% used [0x00000000d5580000,0x00000000d5c00000,0x00000000d5c00000)
  from space 1536K, 69% used [0x00000000d5d80000,0x00000000d5e8c6d0,0x00000000d5f00000)
  to   space 1536K, 0% used [0x00000000d5c00000,0x00000000d5c00000,0x00000000d5d80000)
 ParOldGen       total 1133568K, used 379002K [0x0000000080000000, 0x00000000c5300000, 0x00000000d5580000)
  object space 1133568K, 33% used [0x0000000080000000,0x000000009721ea18,0x00000000c5300000)
 Metaspace       used 83971K, committed 85824K, reserved 1179648K
  class space    used 8404K, committed 9216K, reserved 1048576K
}
Event: 5010.423 GC heap after
{Heap after GC invocations=882 (full 5):
 PSYoungGen      total 8192K, used 874K [0x00000000d5580000, 0x00000000d5f80000, 0x0000000100000000)
  eden space 6656K, 0% used [0x00000000d5580000,0x00000000d5580000,0x00000000d5c00000)
  from space 1536K, 56% used [0x00000000d5c00000,0x00000000d5cda9c8,0x00000000d5d80000)
  to   space 1024K, 0% used [0x00000000d5e80000,0x00000000d5e80000,0x00000000d5f80000)
 ParOldGen       total 1133568K, used 379968K [0x0000000080000000, 0x00000000c5300000, 0x00000000d5580000)
  object space 1133568K, 33% used [0x0000000080000000,0x0000000097310058,0x00000000c5300000)
 Metaspace       used 83971K, committed 85824K, reserved 1179648K
  class space    used 8404K, committed 9216K, reserved 1048576K
}
Event: 5010.558 GC heap before
{Heap before GC invocations=883 (full 5):
 PSYoungGen      total 8192K, used 7530K [0x00000000d5580000, 0x00000000d5f80000, 0x0000000100000000)
  eden space 6656K, 100% used [0x00000000d5580000,0x00000000d5c00000,0x00000000d5c00000)
  from space 1536K, 56% used [0x00000000d5c00000,0x00000000d5cda9c8,0x00000000d5d80000)
  to   space 1024K, 0% used [0x00000000d5e80000,0x00000000d5e80000,0x00000000d5f80000)
 ParOldGen       total 1133568K, used 379968K [0x0000000080000000, 0x00000000c5300000, 0x00000000d5580000)
  object space 1133568K, 33% used [0x0000000080000000,0x0000000097310058,0x00000000c5300000)
 Metaspace       used 83971K, committed 85824K, reserved 1179648K
  class space    used 8404K, committed 9216K, reserved 1048576K
}
Event: 5010.560 GC heap after
{Heap after GC invocations=883 (full 5):
 PSYoungGen      total 7680K, used 736K [0x00000000d5580000, 0x00000000d5f80000, 0x0000000100000000)
  eden space 6656K, 0% used [0x00000000d5580000,0x00000000d5580000,0x00000000d5c00000)
  from space 1024K, 71% used [0x00000000d5e80000,0x00000000d5f38000,0x00000000d5f80000)
  to   space 1024K, 0% used [0x00000000d5d80000,0x00000000d5d80000,0x00000000d5e80000)
 ParOldGen       total 1133568K, used 380690K [0x0000000080000000, 0x00000000c5300000, 0x00000000d5580000)
  object space 1133568K, 33% used [0x0000000080000000,0x00000000973c4a70,0x00000000c5300000)
 Metaspace       used 83971K, committed 85824K, reserved 1179648K
  class space    used 8404K, committed 9216K, reserved 1048576K
}
Event: 5010.604 GC heap before
{Heap before GC invocations=884 (full 5):
 PSYoungGen      total 7680K, used 7392K [0x00000000d5580000, 0x00000000d5f80000, 0x0000000100000000)
  eden space 6656K, 100% used [0x00000000d5580000,0x00000000d5c00000,0x00000000d5c00000)
  from space 1024K, 71% used [0x00000000d5e80000,0x00000000d5f38000,0x00000000d5f80000)
  to   space 1024K, 0% used [0x00000000d5d80000,0x00000000d5d80000,0x00000000d5e80000)
 ParOldGen       total 1133568K, used 380690K [0x0000000080000000, 0x00000000c5300000, 0x00000000d5580000)
  object space 1133568K, 33% used [0x0000000080000000,0x00000000973c4a70,0x00000000c5300000)
 Metaspace       used 83971K, committed 85824K, reserved 1179648K
  class space    used 8404K, committed 9216K, reserved 1048576K
}
Event: 5010.606 GC heap after
{Heap after GC invocations=884 (full 5):
 PSYoungGen      total 7680K, used 864K [0x00000000d5580000, 0x00000000d5f00000, 0x0000000100000000)
  eden space 6656K, 0% used [0x00000000d5580000,0x00000000d5580000,0x00000000d5c00000)
  from space 1024K, 84% used [0x00000000d5d80000,0x00000000d5e58000,0x00000000d5e80000)
  to   space 512K, 0% used [0x00000000d5e80000,0x00000000d5e80000,0x00000000d5f00000)
 ParOldGen       total 1133568K, used 381290K [0x0000000080000000, 0x00000000c5300000, 0x00000000d5580000)
  object space 1133568K, 33% used [0x0000000080000000,0x000000009745aad0,0x00000000c5300000)
 Metaspace       used 83971K, committed 85824K, reserved 1179648K
  class space    used 8404K, committed 9216K, reserved 1048576K
}
Event: 5010.767 GC heap before
{Heap before GC invocations=885 (full 5):
 PSYoungGen      total 7680K, used 7516K [0x00000000d5580000, 0x00000000d5f00000, 0x0000000100000000)
  eden space 6656K, 99% used [0x00000000d5580000,0x00000000d5bff1f8,0x00000000d5c00000)
  from space 1024K, 84% used [0x00000000d5d80000,0x00000000d5e58000,0x00000000d5e80000)
  to   space 512K, 0% used [0x00000000d5e80000,0x00000000d5e80000,0x00000000d5f00000)
 ParOldGen       total 1133568K, used 381290K [0x0000000080000000, 0x00000000c5300000, 0x00000000d5580000)
  object space 1133568K, 33% used [0x0000000080000000,0x000000009745aad0,0x00000000c5300000)
 Metaspace       used 83982K, committed 85824K, reserved 1179648K
  class space    used 8404K, committed 9216K, reserved 1048576K
}
Event: 5010.770 GC heap after
{Heap after GC invocations=885 (full 5):
 PSYoungGen      total 7168K, used 512K [0x00000000d5580000, 0x00000000d6000000, 0x0000000100000000)
  eden space 6656K, 0% used [0x00000000d5580000,0x00000000d5580000,0x00000000d5c00000)
  from space 512K, 100% used [0x00000000d5e80000,0x00000000d5f00000,0x00000000d5f00000)
  to   space 2048K, 0% used [0x00000000d5c00000,0x00000000d5c00000,0x00000000d5e00000)
 ParOldGen       total 1133568K, used 382250K [0x0000000080000000, 0x00000000c5300000, 0x00000000d5580000)
  object space 1133568K, 33% used [0x0000000080000000,0x000000009754ab70,0x00000000c5300000)
 Metaspace       used 83982K, committed 85824K, reserved 1179648K
  class space    used 8404K, committed 9216K, reserved 1048576K
}
Event: 5010.788 GC heap before
{Heap before GC invocations=886 (full 5):
 PSYoungGen      total 7168K, used 7168K [0x00000000d5580000, 0x00000000d6000000, 0x0000000100000000)
  eden space 6656K, 100% used [0x00000000d5580000,0x00000000d5c00000,0x00000000d5c00000)
  from space 512K, 100% used [0x00000000d5e80000,0x00000000d5f00000,0x00000000d5f00000)
  to   space 2048K, 0% used [0x00000000d5c00000,0x00000000d5c00000,0x00000000d5e00000)
 ParOldGen       total 1133568K, used 382250K [0x0000000080000000, 0x00000000c5300000, 0x00000000d5580000)
  object space 1133568K, 33% used [0x0000000080000000,0x000000009754ab70,0x00000000c5300000)
 Metaspace       used 83983K, committed 85824K, reserved 1179648K
  class space    used 8404K, committed 9216K, reserved 1048576K
}
Event: 5010.791 GC heap after
{Heap after GC invocations=886 (full 5):
 PSYoungGen      total 8704K, used 768K [0x00000000d5580000, 0x00000000d5f00000, 0x0000000100000000)
  eden space 6656K, 0% used [0x00000000d5580000,0x00000000d5580000,0x00000000d5c00000)
  from space 2048K, 37% used [0x00000000d5c00000,0x00000000d5cc0000,0x00000000d5e00000)
  to   space 1024K, 0% used [0x00000000d5e00000,0x00000000d5e00000,0x00000000d5f00000)
 ParOldGen       total 1133568K, used 382791K [0x0000000080000000, 0x00000000c5300000, 0x00000000d5580000)
  object space 1133568K, 33% used [0x0000000080000000,0x00000000975d1e10,0x00000000c5300000)
 Metaspace       used 83983K, committed 85824K, reserved 1179648K
  class space    used 8404K, committed 9216K, reserved 1048576K
}
Event: 5010.824 GC heap before
{Heap before GC invocations=887 (full 5):
 PSYoungGen      total 8704K, used 7424K [0x00000000d5580000, 0x00000000d5f00000, 0x0000000100000000)
  eden space 6656K, 100% used [0x00000000d5580000,0x00000000d5c00000,0x00000000d5c00000)
  from space 2048K, 37% used [0x00000000d5c00000,0x00000000d5cc0000,0x00000000d5e00000)
  to   space 1024K, 0% used [0x00000000d5e00000,0x00000000d5e00000,0x00000000d5f00000)
 ParOldGen       total 1133568K, used 382791K [0x0000000080000000, 0x00000000c5300000, 0x00000000d5580000)
  object space 1133568K, 33% used [0x0000000080000000,0x00000000975d1e10,0x00000000c5300000)
 Metaspace       used 83983K, committed 85824K, reserved 1179648K
  class space    used 8404K, committed 9216K, reserved 1048576K
}
Event: 5010.827 GC heap after
{Heap after GC invocations=887 (full 5):
 PSYoungGen      total 7680K, used 884K [0x00000000d5580000, 0x00000000d5f00000, 0x0000000100000000)
  eden space 6656K, 0% used [0x00000000d5580000,0x00000000d5580000,0x00000000d5c00000)
  from space 1024K, 86% used [0x00000000d5e00000,0x00000000d5edd200,0x00000000d5f00000)
  to   space 1024K, 0% used [0x00000000d5d00000,0x00000000d5d00000,0x00000000d5e00000)
 ParOldGen       total 1133568K, used 383456K [0x0000000080000000, 0x00000000c5300000, 0x00000000d5580000)
  object space 1133568K, 33% used [0x0000000080000000,0x0000000097678248,0x00000000c5300000)
 Metaspace       used 83983K, committed 85824K, reserved 1179648K
  class space    used 8404K, committed 9216K, reserved 1048576K
}
Event: 5010.842 GC heap before
{Heap before GC invocations=888 (full 5):
 PSYoungGen      total 7680K, used 7540K [0x00000000d5580000, 0x00000000d5f00000, 0x0000000100000000)
  eden space 6656K, 100% used [0x00000000d5580000,0x00000000d5c00000,0x00000000d5c00000)
  from space 1024K, 86% used [0x00000000d5e00000,0x00000000d5edd200,0x00000000d5f00000)
  to   space 1024K, 0% used [0x00000000d5d00000,0x00000000d5d00000,0x00000000d5e00000)
 ParOldGen       total 1133568K, used 383456K [0x0000000080000000, 0x00000000c5300000, 0x00000000d5580000)
  object space 1133568K, 33% used [0x0000000080000000,0x0000000097678248,0x00000000c5300000)
 Metaspace       used 83984K, committed 85824K, reserved 1179648K
  class space    used 8404K, committed 9216K, reserved 1048576K
}
Event: 5010.844 GC heap after
{Heap after GC invocations=888 (full 5):
 PSYoungGen      total 7680K, used 848K [0x00000000d5580000, 0x00000000d5e80000, 0x0000000100000000)
  eden space 6656K, 0% used [0x00000000d5580000,0x00000000d5580000,0x00000000d5c00000)
  from space 1024K, 82% used [0x00000000d5d00000,0x00000000d5dd4010,0x00000000d5e00000)
  to   space 512K, 0% used [0x00000000d5e00000,0x00000000d5e00000,0x00000000d5e80000)
 ParOldGen       total 1133568K, used 384216K [0x0000000080000000, 0x00000000c5300000, 0x00000000d5580000)
  object space 1133568K, 33% used [0x0000000080000000,0x0000000097736358,0x00000000c5300000)
 Metaspace       used 83984K, committed 85824K, reserved 1179648K
  class space    used 8404K, committed 9216K, reserved 1048576K
}
Event: 5024.799 GC heap before
{Heap before GC invocations=889 (full 5):
 PSYoungGen      total 7680K, used 7503K [0x00000000d5580000, 0x00000000d5e80000, 0x0000000100000000)
  eden space 6656K, 99% used [0x00000000d5580000,0x00000000d5bfffa8,0x00000000d5c00000)
  from space 1024K, 82% used [0x00000000d5d00000,0x00000000d5dd4010,0x00000000d5e00000)
  to   space 512K, 0% used [0x00000000d5e00000,0x00000000d5e00000,0x00000000d5e80000)
 ParOldGen       total 1133568K, used 384216K [0x0000000080000000, 0x00000000c5300000, 0x00000000d5580000)
  object space 1133568K, 33% used [0x0000000080000000,0x0000000097736358,0x00000000c5300000)
 Metaspace       used 84005K, committed 85824K, reserved 1179648K
  class space    used 8404K, committed 9216K, reserved 1048576K
}
Event: 5024.809 GC heap after
{Heap after GC invocations=889 (full 5):
 PSYoungGen      total 7168K, used 512K [0x00000000d5580000, 0x00000000d5f00000, 0x0000000100000000)
  eden space 6656K, 0% used [0x00000000d5580000,0x00000000d5580000,0x00000000d5c00000)
  from space 512K, 100% used [0x00000000d5e00000,0x00000000d5e80000,0x00000000d5e80000)
  to   space 1536K, 0% used [0x00000000d5c00000,0x00000000d5c00000,0x00000000d5d80000)
 ParOldGen       total 1133568K, used 385113K [0x0000000080000000, 0x00000000c5300000, 0x00000000d5580000)
  object space 1133568K, 33% used [0x0000000080000000,0x00000000978167d0,0x00000000c5300000)
 Metaspace       used 84005K, committed 85824K, reserved 1179648K
  class space    used 8404K, committed 9216K, reserved 1048576K
}

