# JRE version: OpenJDK Runtime Environment (25.0.1+8) (build 25.0.1+8-27)
# Java VM: OpenJDK 64-Bit Server VM (25.0.1+8-27, mixed mode, sharing, tiered, compressed oops, compressed class ptrs, g1 gc, windows-amd64)
GC Precious Log:
 CardTable entry size: 512
 Card Set container configuration: InlinePtr #cards 5 size 8 Array Of Cards #cards 10 size 36 Howl #buckets 4 coarsen threshold 1843 Howl Bitmap #cards 512 size 80 coarsen threshold 460 Card regions per heap region 1 cards per card region 2048
 CPUs: 12 total, 12 available
 Memory: 5996M
 Large Page Support: Disabled
 NUMA Support: Disabled
 Compressed Oops: Enabled (32-bit)
 Heap Region Size: 1M
 Heap Min Capacity: 8M
 Heap Initial Capacity: 94M
 Heap Max Capacity: 1500M
 Pre-touch: Disabled
 Parallel Workers: 10
 Concurrent Workers: 3
 Concurrent Refinement Workers: 10
 Periodic GC: Disabled
Heap:
 garbage-first heap   total reserved 1536000K, committed 222208K, used 174808K [0x00000000a2400000, 0x0000000100000000)
  region size 1024K, 109 young (111616K), 2 survivors (2048K)
GC Heap Usage History (20 events):
Event: 7.422 {heap Before GC invocations=25 (full 0):
 garbage-first heap   total reserved 1536000K, committed 103424K, used 91532K [0x00000000a2400000, 0x0000000100000000)
  region size 1024K, 44 young (45056K), 6 survivors (6144K)
}
Event: 7.427 {heap After GC invocations=26 (full 0):
 garbage-first heap   total reserved 1536000K, committed 103424K, used 54909K [0x00000000a2400000, 0x0000000100000000)
  region size 1024K, 2 young (2048K), 2 survivors (2048K)
}
Event: 7.472 {heap Before GC invocations=27 (full 0):
 garbage-first heap   total reserved 1536000K, committed 103424K, used 91773K [0x00000000a2400000, 0x0000000100000000)
  region size 1024K, 39 young (39936K), 2 survivors (2048K)
}
Event: 7.473 {heap After GC invocations=28 (full 0):
 garbage-first heap   total reserved 1536000K, committed 103424K, used 53698K [0x00000000a2400000, 0x0000000100000000)
  region size 1024K, 2 young (2048K), 2 survivors (2048K)
}
Event: 7.525 {heap Before GC invocations=28 (full 0):
 garbage-first heap   total reserved 1536000K, committed 103424K, used 93634K [0x00000000a2400000, 0x0000000100000000)
  region size 1024K, 41 young (41984K), 2 survivors (2048K)
}
Event: 7.527 {heap After GC invocations=29 (full 0):
 garbage-first heap   total reserved 1536000K, committed 103424K, used 51470K [0x00000000a2400000, 0x0000000100000000)
  region size 1024K, 2 young (2048K), 2 survivors (2048K)
}
Event: 7.609 {heap Before GC invocations=29 (full 0):
 garbage-first heap   total reserved 1536000K, committed 103424K, used 93454K [0x00000000a2400000, 0x0000000100000000)
  region size 1024K, 43 young (44032K), 2 survivors (2048K)
}
Event: 7.615 {heap After GC invocations=30 (full 0):
 garbage-first heap   total reserved 1536000K, committed 165888K, used 56577K [0x00000000a2400000, 0x0000000100000000)
  region size 1024K, 6 young (6144K), 6 survivors (6144K)
}
Event: 7.823 {heap Before GC invocations=31 (full 0):
 garbage-first heap   total reserved 1536000K, committed 165888K, used 148737K [0x00000000a2400000, 0x0000000100000000)
  region size 1024K, 97 young (99328K), 6 survivors (6144K)
}
Event: 7.827 {heap After GC invocations=32 (full 0):
 garbage-first heap   total reserved 1536000K, committed 165888K, used 57224K [0x00000000a2400000, 0x0000000100000000)
  region size 1024K, 8 young (8192K), 8 survivors (8192K)
}
Event: 8.115 {heap Before GC invocations=32 (full 0):
 garbage-first heap   total reserved 1536000K, committed 165888K, used 148360K [0x00000000a2400000, 0x0000000100000000)
  region size 1024K, 97 young (99328K), 8 survivors (8192K)
}
Event: 8.128 {heap After GC invocations=33 (full 0):
 garbage-first heap   total reserved 1536000K, committed 166912K, used 62786K [0x00000000a2400000, 0x0000000100000000)
  region size 1024K, 13 young (13312K), 13 survivors (13312K)
}
Event: 8.918 {heap Before GC invocations=33 (full 0):
 garbage-first heap   total reserved 1536000K, committed 166912K, used 148802K [0x00000000a2400000, 0x0000000100000000)
  region size 1024K, 97 young (99328K), 13 survivors (13312K)
}
Event: 8.935 {heap After GC invocations=34 (full 0):
 garbage-first heap   total reserved 1536000K, committed 174080K, used 73720K [0x00000000a2400000, 0x0000000100000000)
  region size 1024K, 11 young (11264K), 11 survivors (11264K)
}
Event: 9.167 {heap Before GC invocations=35 (full 0):
 garbage-first heap   total reserved 1536000K, committed 174080K, used 157688K [0x00000000a2400000, 0x0000000100000000)
  region size 1024K, 89 young (91136K), 11 survivors (11264K)
}
Event: 9.175 {heap After GC invocations=36 (full 0):
 garbage-first heap   total reserved 1536000K, committed 174080K, used 79148K [0x00000000a2400000, 0x0000000100000000)
  region size 1024K, 4 young (4096K), 4 survivors (4096K)
}
Event: 9.291 {heap Before GC invocations=36 (full 0):
 garbage-first heap   total reserved 1536000K, committed 174080K, used 157996K [0x00000000a2400000, 0x0000000100000000)
  region size 1024K, 80 young (81920K), 4 survivors (4096K)
}
Event: 9.296 {heap After GC invocations=37 (full 0):
 garbage-first heap   total reserved 1536000K, committed 174080K, used 80205K [0x00000000a2400000, 0x0000000100000000)
  region size 1024K, 8 young (8192K), 8 survivors (8192K)
}
Event: 9.356 {heap Before GC invocations=37 (full 0):
 garbage-first heap   total reserved 1536000K, committed 174080K, used 105805K [0x00000000a2400000, 0x0000000100000000)
  region size 1024K, 35 young (35840K), 8 survivors (8192K)
}
Event: 9.358 {heap After GC invocations=38 (full 0):
 garbage-first heap   total reserved 1536000K, committed 222208K, used 74456K [0x00000000a2400000, 0x0000000100000000)
  region size 1024K, 2 young (2048K), 2 survivors (2048K)
}

