# JRE version: OpenJDK Runtime Environment (25.0.1+8) (build 25.0.1+8-27)
# Java VM: OpenJDK 64-Bit Server VM (25.0.1+8-27, mixed mode, sharing, tiered, compressed oops, compressed class ptrs, g1 gc, windows-amd64)
GC Precious Log:
 CardTable entry size: 512
 Card Set container configuration: InlinePtr #cards 5 size 8 Array Of Cards #cards 10 size 36 Howl #buckets 4 coarsen threshold 1843 Howl Bitmap #cards 512 size 80 coarsen threshold 460 Card regions per heap region 1 cards per card region 2048
 CPUs: 12 total, 12 available
 Memory: 5996M
 Large Page Support: Disabled
 NUMA Support: Disabled
 Compressed Oops: Enabled (32-bit)
 Heap Region Size: 1M
 Heap Min Capacity: 8M
 Heap Initial Capacity: 94M
 Heap Max Capacity: 1500M
 Pre-touch: Disabled
 Parallel Workers: 10
 Concurrent Workers: 3
 Concurrent Refinement Workers: 10
 Periodic GC: Disabled
Heap:
 garbage-first heap   total reserved 1536000K, committed 191488K, used 102139K [0x00000000a2400000, 0x0000000100000000)
  region size 1024K, 52 young (53248K), 2 survivors (2048K)
GC Heap Usage History (20 events):
Event: 15.366 {heap Before GC invocations=26 (full 0):
 garbage-first heap   total reserved 1536000K, committed 146432K, used 112479K [0x00000000a2400000, 0x0000000100000000)
  region size 1024K, 59 young (60416K), 3 survivors (3072K)
}
Event: 15.373 {heap After GC invocations=27 (full 0):
 garbage-first heap   total reserved 1536000K, committed 146432K, used 60368K [0x00000000a2400000, 0x0000000100000000)
  region size 1024K, 8 young (8192K), 8 survivors (8192K)
}
Event: 15.436 {heap Before GC invocations=27 (full 0):
 garbage-first heap   total reserved 1536000K, committed 146432K, used 114640K [0x00000000a2400000, 0x0000000100000000)
  region size 1024K, 61 young (62464K), 8 survivors (8192K)
}
Event: 15.443 {heap After GC invocations=28 (full 0):
 garbage-first heap   total reserved 1536000K, committed 146432K, used 61568K [0x00000000a2400000, 0x0000000100000000)
  region size 1024K, 5 young (5120K), 5 survivors (5120K)
}
Event: 15.582 {heap Before GC invocations=28 (full 0):
 garbage-first heap   total reserved 1536000K, committed 146432K, used 116864K [0x00000000a2400000, 0x0000000100000000)
  region size 1024K, 59 young (60416K), 5 survivors (5120K)
}
Event: 15.588 {heap After GC invocations=29 (full 0):
 garbage-first heap   total reserved 1536000K, committed 146432K, used 65388K [0x00000000a2400000, 0x0000000100000000)
  region size 1024K, 8 young (8192K), 8 survivors (8192K)
}
Event: 15.695 {heap Before GC invocations=30 (full 0):
 garbage-first heap   total reserved 1536000K, committed 146432K, used 117612K [0x00000000a2400000, 0x0000000100000000)
  region size 1024K, 63 young (64512K), 8 survivors (8192K)
}
Event: 15.701 {heap After GC invocations=31 (full 0):
 garbage-first heap   total reserved 1536000K, committed 146432K, used 60251K [0x00000000a2400000, 0x0000000100000000)
  region size 1024K, 4 young (4096K), 4 survivors (4096K)
}
Event: 15.848 {heap Before GC invocations=31 (full 0):
 garbage-first heap   total reserved 1536000K, committed 146432K, used 120667K [0x00000000a2400000, 0x0000000100000000)
  region size 1024K, 63 young (64512K), 4 survivors (4096K)
}
Event: 15.851 {heap After GC invocations=32 (full 0):
 garbage-first heap   total reserved 1536000K, committed 146432K, used 53780K [0x00000000a2400000, 0x0000000100000000)
  region size 1024K, 4 young (4096K), 4 survivors (4096K)
}
Event: 16.134 {heap Before GC invocations=32 (full 0):
 garbage-first heap   total reserved 1536000K, committed 146432K, used 126484K [0x00000000a2400000, 0x0000000100000000)
  region size 1024K, 75 young (76800K), 4 survivors (4096K)
}
Event: 16.142 {heap After GC invocations=33 (full 0):
 garbage-first heap   total reserved 1536000K, committed 281600K, used 60397K [0x00000000a2400000, 0x0000000100000000)
  region size 1024K, 10 young (10240K), 10 survivors (10240K)
}
Event: 16.742 {heap Before GC invocations=34 (full 0):
 garbage-first heap   total reserved 1536000K, committed 194560K, used 163821K [0x00000000a2400000, 0x0000000100000000)
  region size 1024K, 114 young (116736K), 10 survivors (10240K)
}
Event: 16.747 {heap After GC invocations=35 (full 0):
 garbage-first heap   total reserved 1536000K, committed 194560K, used 54710K [0x00000000a2400000, 0x0000000100000000)
  region size 1024K, 6 young (6144K), 6 survivors (6144K)
}
Event: 17.144 {heap Before GC invocations=35 (full 0):
 garbage-first heap   total reserved 1536000K, committed 194560K, used 169398K [0x00000000a2400000, 0x0000000100000000)
  region size 1024K, 114 young (116736K), 6 survivors (6144K)
}
Event: 17.153 {heap After GC invocations=36 (full 0):
 garbage-first heap   total reserved 1536000K, committed 194560K, used 61042K [0x00000000a2400000, 0x0000000100000000)
  region size 1024K, 13 young (13312K), 13 survivors (13312K)
}
Event: 17.241 {heap Before GC invocations=36 (full 0):
 garbage-first heap   total reserved 1536000K, committed 194560K, used 94834K [0x00000000a2400000, 0x0000000100000000)
  region size 1024K, 48 young (49152K), 13 survivors (13312K)
}
Event: 17.247 {heap After GC invocations=37 (full 0):
 garbage-first heap   total reserved 1536000K, committed 194560K, used 53884K [0x00000000a2400000, 0x0000000100000000)
  region size 1024K, 3 young (3072K), 3 survivors (3072K)
}
Event: 17.570 {heap Before GC invocations=38 (full 0):
 garbage-first heap   total reserved 1536000K, committed 191488K, used 168572K [0x00000000a2400000, 0x0000000100000000)
  region size 1024K, 112 young (114688K), 3 survivors (3072K)
}
Event: 17.573 {heap After GC invocations=39 (full 0):
 garbage-first heap   total reserved 1536000K, committed 191488K, used 52987K [0x00000000a2400000, 0x0000000100000000)
  region size 1024K, 2 young (2048K), 2 survivors (2048K)
}

